acom $DSN/src/pc.vhd $DSN/src/alu.vhd $DSN/src/control.vhd $DSN/src/add4.vhd $DSN/src/entension12.vhd $DSN/src/extension.vhd $DSN/src/extension2.vhd $DSN/src/extensionjal.vhd $DSN/src/memoriadatos.vhd $DSN/src/memoriadeinstrucciones.vhd $DSN/src/regfile.vhd $DSN/src/sumador.vhd $DSN/src/forward.bde $DSN/src/if_id.vhd $DSN/src/muxescogedor.vhd $DSN/src/muxentradaalu.vhd $DSN/src/registro2.vhd $DSN/src/registro3.vhd $DSN/src/registro4.vhd $DSN/src/forwardunit.vhd $DSN/src/zero.vhd $DSN/src/branch_control.vhd $DSN/src/burbuja_instruccion.vhd $DSN/src/alusumador.vhd $DSN/src/hazard.vhd $DSN/src/mux32.vhd
# Compile...
# DRC: Checking file 'C:\Users\Roberto\Downloads\forwardUltimate\forwardUltimate\forward\forwardUnit\src\forward.bde'.
# DRC: forward.bde - 0 error(s), 0 warning(s)
# DRC: The results have been written to the log file. Double click on this line to view the log.
# Generating C:\Users\Roberto\Downloads\forwardUltimate\forwardUltimate\forward\forwardUnit\compile\forward.vhd from C:\Users\Roberto\Downloads\forwardUltimate\forwardUltimate\forward\forwardUnit\src\forward.bde ...
# Generation successful
# File: C:\Users\Roberto\Downloads\forwardUltimate\forwardUltimate\forward\forwardUnit\src\PC.vhd
# Compile Entity "pc"
# Entity `pc' has been skipped - no difference detected.
# Compile Architecture "pc" of Entity "pc"
# File: C:\Users\Roberto\Downloads\forwardUltimate\forwardUltimate\forward\forwardUnit\src\alu.vhd
# Compile Entity "alu"
# Entity `alu' has been skipped - no difference detected.
# Compile Architecture "alu" of Entity "alu"
# File: C:\Users\Roberto\Downloads\forwardUltimate\forwardUltimate\forward\forwardUnit\src\control.vhd
# Compile Entity "control"
# Entity `control' has been skipped - no difference detected.
# Compile Architecture "control" of Entity "control"
# File: C:\Users\Roberto\Downloads\forwardUltimate\forwardUltimate\forward\forwardUnit\src\add4.vhd
# Compile Entity "add4"
# Entity `add4' has been skipped - no difference detected.
# Compile Architecture "add4" of Entity "add4"
# File: C:\Users\Roberto\Downloads\forwardUltimate\forwardUltimate\forward\forwardUnit\src\entension12.vhd
# Compile Entity "entension12"
# Entity `entension12' has been skipped - no difference detected.
# Compile Architecture "entension12" of Entity "entension12"
# File: C:\Users\Roberto\Downloads\forwardUltimate\forwardUltimate\forward\forwardUnit\src\extension.vhd
# Compile Entity "extension"
# Entity `extension' has been skipped - no difference detected.
# Compile Architecture "extension" of Entity "extension"
# File: C:\Users\Roberto\Downloads\forwardUltimate\forwardUltimate\forward\forwardUnit\src\extension2.vhd
# Compile Entity "extension2"
# Entity `extension2' has been skipped - no difference detected.
# Compile Architecture "extension2" of Entity "extension2"
# File: C:\Users\Roberto\Downloads\forwardUltimate\forwardUltimate\forward\forwardUnit\src\extensionjal.vhd
# Compile Entity "extensionjal"
# Entity `extensionjal' has been skipped - no difference detected.
# Compile Architecture "extensionjal" of Entity "extensionjal"
# File: C:\Users\Roberto\Downloads\forwardUltimate\forwardUltimate\forward\forwardUnit\src\memoriaDatos.vhd
# Compile Entity "memoriaDatos"
# Entity `memoriaDatos' has been skipped - no difference detected.
# Compile Architecture "memoriaDatos" of Entity "memoriaDatos"
# File: C:\Users\Roberto\Downloads\forwardUltimate\forwardUltimate\forward\forwardUnit\src\memoriadeinstrucciones.vhd
# Compile Entity "memoriadeinstrucciones"
# Entity `memoriadeinstrucciones' has been skipped - no difference detected.
# Compile Architecture "memoriadeinstrucciones" of Entity "memoriadeinstrucciones"
# File: C:\Users\Roberto\Downloads\forwardUltimate\forwardUltimate\forward\forwardUnit\src\regfile.vhd
# Compile Entity "regfile"
# Entity `regfile' has been skipped - no difference detected.
# Compile Architecture "regfile" of Entity "regfile"
# File: C:\Users\Roberto\Downloads\forwardUltimate\forwardUltimate\forward\forwardUnit\src\sumador.vhd
# Compile Entity "sumador"
# Entity `sumador' has been skipped - 