acom $DSN/src/alu.vhd $DSN/src/alusumador.vhd $DSN/src/branch_control.vhd $DSN/src/burbuja_instruccion.vhd $DSN/src/control.vhd $DSN/src/entension12.vhd $DSN/src/extension.vhd $DSN/src/add4.vhd $DSN/src/extension2.vhd $DSN/src/extensionjal.vhd $DSN/src/forward.bde $DSN/src/forwardunit.vhd $DSN/src/hazard.vhd $DSN/src/if_id.vhd $DSN/src/memoriadatos.vhd $DSN/src/memoriadeinstrucciones.vhd $DSN/src/mux32.vhd $DSN/src/muxentradaalu.vhd $DSN/src/muxescogedor.vhd $DSN/src/pc.vhd $DSN/src/regfile.vhd $DSN/src/registro2.vhd $DSN/src/registro3.vhd $DSN/src/registro4.vhd $DSN/src/sumador.vhd $DSN/src/zero.vhd
# Compile...
# File: c:\Users\Roberto\Downloads\forwardUltimate\forward\forwardUnit\src\alu.vhd
# Compile Entity "alu"
# Entity `alu' has been skipped - no difference detected.
# Compile Architecture "alu" of Entity "alu"
# File: c:\Users\Roberto\Downloads\forwardUltimate\forward\forwardUnit\src\aluSumador.vhd
# Compile Entity "aluSumador"
# Entity `aluSumador' has been skipped - no difference detected.
# Compile Architecture "aluSumador" of Entity "aluSumador"
# File: c:\Users\Roberto\Downloads\forwardUltimate\forward\forwardUnit\src\branch_control.vhd
# Compile Entity "branch_control"
# Entity `branch_control' has been skipped - no difference detected.
# Compile Architecture "branch_control" of Entity "branch_control"
# File: c:\Users\Roberto\Downloads\forwardUltimate\forward\forwardUnit\src\burbuja_instruccion.vhd
# Compile Entity "burbuja_instruccion"
# Entity `burbuja_instruccion' has been skipped - no difference detected.
# Compile Architecture "burbuja_instruccion" of Entity "burbuja_instruccion"
# File: c:\Users\Roberto\Downloads\forwardUltimate\forward\forwardUnit\src\control.vhd
# Compile Entity "control"
# Entity `control' has been skipped - no difference detected.
# Compile Architecture "control" of Entity "control"
# File: c:\Users\Roberto\Downloads\forwardUltimate\forward\forwardUnit\src\entension12.vhd
# Compile Entity "entension12"
# Entity `entension12' has been skipped - no difference detected.
# Compile Architecture "entension12" of Entity "entension12"
# File: c:\Users\Roberto\Downloads\forwardUltimate\forward\forwardUnit\src\extension.vhd
# Compile Entity "extension"
# Entity `extension' has been skipped - no difference detected.
# Compile Architecture "extension" of Entity "extension"
# File: c:\Users\Roberto\Downloads\forwardUltimate\forward\forwardUnit\src\add4.vhd
# Compile Entity "add4"
# Entity `add4' has been skipped - no difference detected.
# Compile Architecture "add4" of Entity "add4"
# File: c:\Users\Roberto\Downloads\forwardUltimate\forward\forwardUnit\src\extension2.vhd
# Compile Entity "extension2"
# Entity `extension2' has been skipped - no difference detected.
# Compile Architecture "extension2" of Entity "extension2"
# File: c:\Users\Roberto\Downloads\forwardUltimate\forward\forwardUnit\src\extensionjal.vhd
# Compile Entity "extensionjal"
# Entity `extensionjal' has been skipped - no difference detected.
# Compile Architecture "extensionjal" of Entity "extensionjal"
# File: .\forward.vhd
# Compile Entity "forward"
# Entity `forward' has been skipped - no difference detected.
# Compile Architecture "forward" of Entity "forward"
# File: c:\Users\Roberto\Downloads\forwardUltimate\forward\forwardUnit\src\forwardunit.vhd
# Compile Entity "forwardunit"
# Entity `forwardunit' has been skipped - no difference detected.
# Compile Architecture "forwardunit" of Entity "forwardunit"
# File: c:\Users\Roberto\Downloads\forwardUltimate\forward\forwardUnit\src\hazard.vhd
# Compile Entity "hazard"
# Entity `hazard' has been skipped - no difference detected.
# Compile Architecture "hazard" of Entity "hazard"
# File: c:\Users\Roberto\Downloads\forwardUltimate\forward\forwardUnit\src\IF_ID.vhd
# Compile Entity "IF_ID"
# Entity `IF_ID' has been skipped - no difference detected.
# Compile Architecture "IF_ID" of Entity "IF_ID"
# File: c:\Users\Roberto\Downloads\forwardUltimate\forward\forwardUnit\src\memoriaDatos.vhd
# Compile Entity "memoriaDatos"
# Entity `memoriaDatos' has been skipped - no difference detected.
# Compile Architecture "memoriaDatos" of Entity "memoriaDatos"
# File: c:\Users\Roberto\Downloads\forwardUltimate\forward\forwardUnit\src\memoriadeinstrucciones.vhd
# Compile Entity "memoriadeinstrucciones"
# Entity `memoriadeinstrucciones' has been skipped - no difference detected.
# Compile Architecture "memoriadeinstrucciones" of Entity "memoriadeinstrucciones"
# File: c:\Users\Roberto\Downloads\forwardUltimate\forward\forwardUnit\src\mux32.vhd
# Compile Entity "mux32"
# Entity `mux32' has been skipped - no difference detected.
# Compile Architecture "mux32" of Entity "mux32"
# File: c:\Users\Roberto\Downloads\forwardUltimate\forward\forwardUnit\src\muxEntradaAlu.vhd
# Compile Entity "muxEntradaAlu"
# Entity `muxEntradaAlu' has been skipped - no difference detected.
# Compile Architecture "muxEntradaAlu" of Entity "muxEntradaAlu"
# File: c:\Users\Roberto\Downloads\forwardUltimate\forward\forwardUnit\src\muxEscogedor.vhd
# Compile Entity "muxEscogedor"
# Entity `muxEscogedor' has been skipped - no difference detected.
# Compile Architecture "muxEscogedor" of Entity "muxEscogedor"
# File: c:\Users\Roberto\Downloads\forwardUltimate\forward\forwardUnit\src\PC.vhd
# Compile Entity "pc"
# Entity `pc' has been skipped - no difference detected.
# Compile Architecture "pc" of Entity "pc"
# File: c:\Users\Roberto\Downloads\forwardUltimate\forward\forwardUnit\src\regfile.vhd
# Compile Entity "regfile"
# Entity `regfile' has been skipped - no difference detected.
# Compile Architecture "regfile" of Entity "regfile"
# File: c:\Users\Roberto\Downloads\forwardUltimate\forward\forwardUnit\src\registro2.vhd
# Compile Entity "registro2"
# Entity `registro2' has been skipped - no difference detected.
# Compile Architecture "registro2" of Entity "registro2"
# File: c:\Users\Roberto\Downloads\forwardUltimate\forward\forwardUnit\src\registro3.vhd
# Compile Entity "registro3"
# Entity `registro3' has been skipped - no difference detected.
# Compile Architecture "registro3" of Entity "registro3"
# File: c:\Users\Roberto\Downloads\forwardUltimate\forward\forwardUnit\src\registro4.vhd
# Compile Entity "registro4"
# Entity `registro4' has been skipped - no difference detected.
# Compile Architecture "registro4" of Entity "registro4"
# File: c:\Users\Roberto\Downloads\forwardUltimate\forward\forwardUnit\src\sumador.vhd
# Compile Entity "sumador"
# Entity `sumador' has been skipped - no difference detected.
# Compile Architecture "sumador" of Entity "sumador"
# File: c:\Users\Roberto\Downloads\forwardUltimate\forward\forwardUnit\src\zero.vhd
# Compile Entity "zero"
# Entity `zero' has been skipped - no difference detected.
# Compile Architecture "zero" of Entity "zero"
# Compile success 0 Errors 0 Warnings  Analysis time :  0.9 [s]
asim -advdataflow  -retry 3  forward forward
# ELBREAD: Elaboration process.
# ELBREAD: Elaboration time 0.0 [s].
# asim: Stack memory: 32MB
# asim: Retval memory: 32MB
acom $DSN/src/IF_ID.vhd
# Compile...
# File: c:\Users\Roberto\Downloads\forwardUltimate\forward\forwardUnit\src\IF_ID.vhd
# Compile Entity "IF_ID"
# Entity `IF_ID' has been skipped - no difference detected.
# Compile Architecture "IF_ID" of Entity "IF_ID"
# Compile success 0 Errors 0 Warnings  Analysis time :  0.0 [s]
# ELBREAD: Elaboration process.
# ELBREAD: Elaboration time 0.0 [s].
# KERNEL: Main thread initiated.
# KERNEL: Kernel process initialization phase.
# KERNEL: Time resolution set to 1ps.
# ELAB2: Elaboration final pass...
# ELAB2: Create instances ...
# ELAB2: Create instances complete.
# ELAB2: Elaboration final pass complete - time: 0.0 [s].
# KERNEL: Kernel process initialization done.
# Allocation: Simulator allocated 2554 kB (elbread=1071 elab2=1278 kernel=205 sdf=0)
# 8:37, lunes, 09 de enero de 2023
# Simulation has been initialized
# Selected Top-Level: forward (forward)
run @50ns
# : WARNING: There is an 'U'|'X'|'W'|'Z'|'-' in an arithmetic operand, the result will be 'X'(es).
# : Time: 0 ps,  Iteration: 0,  Instance: /U12.
# : WARNING: There is an 'U'|'X'|'W'|'Z'|'-' in an arithmetic operand, the result will be 'X'(es).
# : Time: 0 ps,  Iteration: 0,  Instance: /U12.
# : WARNING: There is an 'U'|'X'|'W'|'Z'|'-' in an arithmetic operand, the result will be 'X'(es).
# : Time: 0 ps,  Iteration: 0,  Instance: /U12.
# : WARNING: There is an 'U'|'X'|'W'|'Z'|'-' in an arithmetic operand, the result will be 'X'(es).
# : Time: 0 ps,  Iteration: 0,  Instance: /U12.
# : WARNING: There is an 'U'|'X'|'W'|'Z'|'-' in an arithmetic operand, the result will be 'X'(es).
# : Time: 0 ps,  Iteration: 0,  Instance: /U12.
# : WARNING: There is an 'U'|'X'|'W'|'Z'|'-' in an arithmetic operand, the result will be 'X'(es).
# : Time: 0 ps,  Iteration: 0,  Instance: /U12.
# : WARNING: There is an 'U'|'X'|'W'|'Z'|'-' in an arithmetic operand, the result will be 'X'(es).
# : Time: 0 ps,  Iteration: 0,  Instance: /U12.
# : WARNING: There is an 'U'|'X'|'W'|'Z'|'-' in an arithmetic operand, the result will be 'X'(es).
# : Time: 0 ps,  Iteration: 0,  Instance: /U12.
# : WARNING: There is an 'U'|'X'|'W'|'Z'|'-' in an arithmetic operand, the result will be 'X'(es).
# : Time: 0 ps,  Iteration: 0,  Instance: /U2.
# : WARNING: There is an 'U'|'X'|'W'|'Z'|'-' in an arithmetic operand, the result will be 'X'(es).
# : Time: 0 ps,  Iteration: 0,  Instance: /U20.
# : WARNING: There is an 'U'|'X'|'W'|'Z'|'-' in an arithmetic operand, the result will be 'X'(es).
# : Time: 0 ps,  Iteration: 0,  Instance: /U20.
# : WARNING: There is an 'U'|'X'|'W'|'Z'|'-' in an arithmetic operand, the result will be 'X'(es).
# : Time: 0 ps,  Iteration: 0,  Instance: /U29.
# : WARNING: CONV_INTEGER: There is an 'U'|'X'|'W'|'Z'|'-' in an arithmetic operand, and it has been converted to 0.
# : Time: 0 ps,  Iteration: 0,  Instance: /U3.
# : WARNING: CONV_INTEGER: There is an 'U'|'X'|'W'|'Z'|'-' in an arithmetic operand, and it has been converted to 0.
# : Time: 0 ps,  Iteration: 0,  Instance: /U3.
# : WARNING: CONV_INTEGER: There is an 'U'|'X'|'W'|'Z'|'-' in an arithmetic operand, and it has been converted to 0.
# : Time: 0 ps,  Iteration: 0,  Instance: /U3.
# : WARNING: CONV_INTEGER: There is an 'U'|'X'|'W'|'Z'|'-' in an arithmetic operand, and it has been converted to 0.
# : Time: 0 ps,  Iteration: 0,  Instance: /U3.
# : WARNING: CONV_INTEGER: There is an 'U'|'X'|'W'|'Z'|'-' in an arithmetic operand, and it has been converted to 0.
# : Time: 0 ps,  Iteration: 0,  Instance: /U3.
# : WARNING: There is an 'U'|'X'|'W'|'Z'|'-' in an arithmetic operand, the result will be 'X'(es).
# : Time: 0 ps,  Iteration: 0,  Instance: /U30.
# : WARNING: CONV_INTEGER: There is an 'U'|'X'|'W'|'Z'|'-' in an arithmetic operand, and it has been converted to 0.
# : Time: 0 ps,  Iteration: 0,  Instance: /U5.
# : WARNING: CONV_INTEGER: There is an 'U'|'X'|'W'|'Z'|'-' in an arithmetic operand, and it has been converted to 0.
# : Time: 0 ps,  Iteration: 0,  Instance: /U5.
# : WARNING: CONV_INTEGER: There is an 'U'|'X'|'W'|'Z'|'-' in an arithmetic operand, and it has been converted to 0.
# : Time: 0 ps,  Iteration: 0,  Instance: /U5.
# : WARNING: CONV_INTEGER: There is an 'U'|'X'|'W'|'Z'|'-' in an arithmetic operand, and it has been converted to 0.
# : Time: 0 ps,  Iteration: 0,  Instance: /U5.
# : WARNING: CONV_INTEGER: There is an 'U'|'X'|'W'|'Z'|'-' in an arithmetic operand, and it has been converted to 0.
# : Time: 0 ps,  Iteration: 0,  Instance: /U5.
# : WARNING: CONV_INTEGER: There is an 'U'|'X'|'W'|'Z'|'-' in an arithmetic operand, and it has been converted to 0.
# : Time: 0 ps,  Iteration: 0,  Instance: /U5.
# : WARNING: CONV_INTEGER: There is an 'U'|'X'|'W'|'Z'|'-' in an arithmetic operand, and it has been converted to 0.
# : Time: 0 ps,  Iteration: 0,  Instance: /U5.
# : WARNING: CONV_INTEGER: There is an 'U'|'X'|'W'|'Z'|'-' in an arithmetic operand, and it has been converted to 0.
# : Time: 0 ps,  Iteration: 0,  Instance: /U5.
# : WARNING: CONV_INTEGER: There is an 'U'|'X'|'W'|'Z'|'-' in an arithmetic operand, and it has been converted to 0.
# : Time: 0 ps,  Iteration: 0,  Instance: /U5.
# : WARNING: CONV_INTEGER: There is an 'U'|'X'|'W'|'Z'|'-' in an arithmetic operand, and it has been converted to 0.
# : Time: 0 ps,  Iteration: 0,  Instance: /U5.
# : WARNING: CONV_INTEGER: There is an 'U'|'X'|'W'|'Z'|'-' in an arithmetic operand, and it has been converted to 0.
# : Time: 0 ps,  Iteration: 0,  Instance: /U5.
# : WARNING: CONV_INTEGER: There is an 'U'|'X'|'W'|'Z'|'-' in an arithmetic operand, and it has been converted to 0.
# : Time: 0 ps,  Iteration: 0,  Instance: /U5.
# : WARNING: CONV_INTEGER: There is an 'U'|'X'|'W'|'Z'|'-' in an arithmetic operand, and it has been converted to 0.
# : Time: 0 ps,  Iteration: 0,  Instance: /U5.
# : WARNING: CONV_INTEGER: There is an 'U'|'X'|'W'|'Z'|'-' in an arithmetic operand, and it has been converted to 0.
# : Time: 0 ps,  Iteration: 0,  Instance: /U5.
# : WARNING: CONV_INTEGER: There is an 'U'|'X'|'W'|'Z'|'-' in an arithmetic operand, and it has been converted to 0.
# : Time: 0 ps,  Iteration: 0,  Instance: /U5.
# : WARNING: There is an 'U'|'X'|'W'|'Z'|'-' in an arithmetic operand, the result will be 'X'(es).
# : Time: 0 ps,  Iteration: 0,  Instance: /U8.
# : WARNING: There is an 'U'|'X'|'W'|'Z'|'-' in an arithmetic operand, the result will be 'X'(es).
# : Time: 0 ps,  Iteration: 0,  Instance: /U8.
# : WARNING: There is an 'U'|'X'|'W'|'Z'|'-' in an arithmetic operand, the result will be 'X'(es).
# : Time: 0 ps,  Iteration: 0,  Instance: /U8.
# : WARNING: There is an 'U'|'X'|'W'|'Z'|'-' in an arithmetic operand, the result will be 'X'(es).
# : Time: 0 ps,  Iteration: 0,  Instance: /U9.
# : WARNING: There is an 'U'|'X'|'W'|'Z'|'-' in an arithmetic operand, the result will be 'X'(es).
# : Time: 0 ps,  Iteration: 1,  Instance: /U29.
# : WARNING: There is an 'U'|'X'|'W'|'Z'|'-' in an arithmetic operand, the result will be 'X'(es).
# : Time: 0 ps,  Iteration: 1,  Instance: /U30.
# : WARNING: There is an 'U'|'X'|'W'|'Z'|'-' in an arithmetic operand, the result will be 'X'(es).
# : Time: 0 ps,  Iteration: 2,  Instance: /U29.
# : WARNING: There is an 'U'|'X'|'W'|'Z'|'-' in an arithmetic operand, the result will be 'X'(es).
# : Time: 0 ps,  Iteration: 2,  Instance: /U30.
# KERNEL: stopped at time: 50 ns
# KERNEL: Simulation has finished. There are no more test vectors to simulate.
endsim
# Simulation has been stopped
asim -advdataflow  -retry 3  forward forward
# ELBREAD: Elaboration process.
# ELBREAD: Elaboration time 0.0 [s].
# asim: Stack memory: 32MB
# asim: Retval memory: 32MB
# KERNEL: Main thread initiated.
# KERNEL: Kernel process initialization phase.
# KERNEL: Time resolution set to 1ps.
# ELAB2: Elaboration final pass...
# ELAB2: Create instances ...
# ELAB2: Create instances complete.
# ELAB2: Elaboration final pass complete - time: 0.0 [s].
# KERNEL: Kernel process initialization done.
# Allocation: Simulator allocated 2554 kB (elbread=1071 elab2=1278 kernel=205 sdf=0)
# 8:39, lunes, 09 de enero de 2023
# Simulation has been initialized
# Selected Top-Level: forward (forward)
run @50ns
# : WARNING: There is an 'U'|'X'|'W'|'Z'|'-' in an arithmetic operand, the result will be 'X'(es).
# : Time: 0 ps,  Iteration: 0,  Instance: /U12.
# : WARNING: There is an 'U'|'X'|'W'|'Z'|'-' in an arithmetic operand, the result will be 'X'(es).
# : Time: 0 ps,  Iteration: 0,  Instance: /U12.
# : WARNING: There is an 'U'|'X'|'W'|'Z'|'-' in an arithmetic operand, the result will be 'X'(es).
# : Time: 0 ps,  Iteration: 0,  Instance: /U12.
# : WARNING: There is an 'U'|'X'|'W'|'Z'|'-' in an arithmetic operand, the result will be 'X'(es).
# : Time: 0 ps,  Iteration: 0,  Instance: /U12.
# : WARNING: There is an 'U'|'X'|'W'|'Z'|'-' in an arithmetic operand, the result will be 'X'(es).
# : Time: 0 ps,  Iteration: 0,  Instance: /U12.
# : WARNING: There is an 'U'|'X'|'W'|'Z'|'-' in an arithmetic operand, the result will be 'X'(es).
# : Time: 0 ps,  Iteration: 0,  Instance: /U12.
# : WARNING: There is an 'U'|'X'|'W'|'Z'|'-' in an arithmetic operand, the result will be 'X'(es).
# : Time: 0 ps,  Iteration: 0,  Instance: /U12.
# : WARNING: There is an 'U'|'X'|'W'|'Z'|'-' in an arithmetic operand, the result will be 'X'(es).
# : Time: 0 ps,  Iteration: 0,  Instance: /U12.
# : WARNING: There is an 'U'|'X'|'W'|'Z'|'-' in an arithmetic operand, the result will be 'X'(es).
# : Time: 0 ps,  Iteration: 0,  Instance: /U2.
# : WARNING: There is an 'U'|'X'|'W'|'Z'|'-' in an arithmetic operand, the result will be 'X'(es).
# : Time: 0 ps,  Iteration: 0,  Instance: /U20.
# : WARNING: There is an 'U'|'X'|'W'|'Z'|'-' in an arithmetic operand, the result will be 'X'(es).
# : Time: 0 ps,  Iteration: 0,  Instance: /U20.
# : WARNING: There is an 'U'|'X'|'W'|'Z'|'-' in an arithmetic operand, the result will be 'X'(es).
# : Time: 0 ps,  Iteration: 0,  Instance: /U29.
# : WARNING: CONV_INTEGER: There is an 'U'|'X'|'W'|'Z'|'-' in an arithmetic operand, and it has been converted to 0.
# : Time: 0 ps,  Iteration: 0,  Instance: /U3.
# : WARNING: CONV_INTEGER: There is an 'U'|'X'|'W'|'Z'|'-' in an arithmetic operand, and it has been converted to 0.
# : Time: 0 ps,  Iteration: 0,  Instance: /U3.
# : WARNING: CONV_INTEGER: There is an 'U'|'X'|'W'|'Z'|'-' in an arithmetic operand, and it has been converted to 0.
# : Time: 0 ps,  Iteration: 0,  Instance: /U3.
# : WARNING: CONV_INTEGER: There is an 'U'|'X'|'W'|'Z'|'-' in an arithmetic operand, and it has been converted to 0.
# : Time: 0 ps,  Iteration: 0,  Instance: /U3.
# : WARNING: CONV_INTEGER: There is an 'U'|'X'|'W'|'Z'|'-' in an arithmetic operand, and it has been converted to 0.
# : Time: 0 ps,  Iteration: 0,  Instance: /U3.
# : WARNING: There is an 'U'|'X'|'W'|'Z'|'-' in an arithmetic operand, the result will be 'X'(es).
# : Time: 0 ps,  Iteration: 0,  Instance: /U30.
# : WARNING: CONV_INTEGER: There is an 'U'|'X'|'W'|'Z'|'-' in an arithmetic operand, and it has been converted to 0.
# : Time: 0 ps,  Iteration: 0,  Instance: /U5.
# : WARNING: CONV_INTEGER: There is an 'U'|'X'|'W'|'Z'|'-' in an arithmetic operand, and it has been converted to 0.
# : Time: 0 ps,  Iteration: 0,  Instance: /U5.
# : WARNING: CONV_INTEGER: There is an 'U'|'X'|'W'|'Z'|'-' in an arithmetic operand, and it has been converted to 0.
# : Time: 0 ps,  Iteration: 0,  Instance: /U5.
# : WARNING: CONV_INTEGER: There is an 'U'|'X'|'W'|'Z'|'-' in an arithmetic operand, and it has been converted to 0.
# : Time: 0 ps,  Iteration: 0,  Instance: /U5.
# : WARNING: CONV_INTEGER: There is an 'U'|'X'|'W'|'Z'|'-' in an arithmetic operand, and it has been converted to 0.
# : Time: 0 ps,  Iteration: 0,  Instance: /U5.
# : WARNING: CONV_INTEGER: There is an 'U'|'X'|'W'|'Z'|'-' in an arithmetic operand, and it has been converted to 0.
# : Time: 0 ps,  Iteration: 0,  Instance: /U5.
# : WARNING: CONV_INTEGER: There is an 'U'|'X'|'W'|'Z'|'-' in an arithmetic operand, and it has been converted to 0.
# : Time: 0 ps,  Iteration: 0,  Instance: /U5.
# : WARNING: CONV_INTEGER: There is an 'U'|'X'|'W'|'Z'|'-' in an arithmetic operand, and it has been converted to 0.
# : Time: 0 ps,  Iteration: 0,  Instance: /U5.
# : WARNING: CONV_INTEGER: There is an 'U'|'X'|'W'|'Z'|'-' in an arithmetic operand, and it has been converted to 0.
# : Time: 0 ps,  Iteration: 0,  Instance: /U5.
# : WARNING: CONV_INTEGER: There is an 'U'|'X'|'W'|'Z'|'-' in an arithmetic operand, and it has been converted to 0.
# : Time: 0 ps,  Iteration: 0,  Instance: /U5.
# : WARNING: CONV_INTEGER: There is an 'U'|'X'|'W'|'Z'|'-' in an arithmetic operand, and it has been converted to 0.
# : Time: 0 ps,  Iteration: 0,  Instance: /U5.
# : WARNING: CONV_INTEGER: There is an 'U'|'X'|'W'|'Z'|'-' in an arithmetic operand, and it has been converted to 0.
# : Time: 0 ps,  Iteration: 0,  Instance: /U5.
# : WARNING: CONV_INTEGER: There is an 'U'|'X'|'W'|'Z'|'-' in an arithmetic operand, and it has been converted to 0.
# : Time: 0 ps,  Iteration: 0,  Instance: /U5.
# : WARNING: CONV_INTEGER: There is an 'U'|'X'|'W'|'Z'|'-' in an arithmetic operand, and it has been converted to 0.
# : Time: 0 ps,  Iteration: 0,  Instance: /U5.
# : WARNING: CONV_INTEGER: There is an 'U'|'X'|'W'|'Z'|'-' in an arithmetic operand, and it has been converted to 0.
# : Time: 0 ps,  Iteration: 0,  Instance: /U5.
# : WARNING: There is an 'U'|'X'|'W'|'Z'|'-' in an arithmetic operand, the result will be 'X'(es).
# : Time: 0 ps,  Iteration: 0,  Instance: /U8.
# : WARNING: There is an 'U'|'X'|'W'|'Z'|'-' in an arithmetic operand, the result will be 'X'(es).
# : Time: 0 ps,  Iteration: 0,  Instance: /U8.
# : WARNING: There is an 'U'|'X'|'W'|'Z'|'-' in an arithmetic operand, the result will be 'X'(es).
# : Time: 0 ps,  Iteration: 0,  Instance: /U8.
# : WARNING: There is an 'U'|'X'|'W'|'Z'|'-' in an arithmetic operand, the result will be 'X'(es).
# : Time: 0 ps,  Iteration: 0,  Instance: /U9.
# : WARNING: There is an 'U'|'X'|'W'|'Z'|'-' in an arithmetic operand, the result will be 'X'(es).
# : Time: 0 ps,  Iteration: 1,  Instance: /U29.
# : WARNING: There is an 'U'|'X'|'W'|'Z'|'-' in an arithmetic operand, the result will be 'X'(es).
# : Time: 0 ps,  Iteration: 1,  Instance: /U30.
# : WARNING: There is an 'U'|'X'|'W'|'Z'|'-' in an arithmetic operand, the result will be 'X'(es).
# : Time: 0 ps,  Iteration: 2,  Instance: /U30.
# KERNEL: stopped at time: 50 ns
acom $DSN/src/alu.vhd $DSN/src/alusumador.vhd $DSN/src/branch_control.vhd $DSN/src/burbuja_instruccion.vhd $DSN/src/control.vhd $DSN/src/entension12.vhd $DSN/src/extension.vhd $DSN/src/add4.vhd $DSN/src/extension2.vhd $DSN/src/extensionjal.vhd $DSN/src/forward.bde $DSN/src/forwardunit.vhd $DSN/src/hazard.vhd $DSN/src/if_id.vhd $DSN/src/memoriadatos.vhd $DSN/src/memoriadeinstrucciones.vhd $DSN/src/mux32.vhd $DSN/src/muxentradaalu.vhd $DSN/src/muxescogedor.vhd $DSN/src/pc.vhd $DSN/src/regfile.vhd $DSN/src/registro2.vhd $DSN/src/registro3.vhd $DSN/src/registro4.vhd $DSN/src/sumador.vhd $DSN/src/zero.vhd
# Compile...
# File: c:\Users\Roberto\Downloads\forwardUltimate\forward\forwardUnit\src\alu.vhd
# Compile Entity "alu"
# Entity `alu' has been skipped - no difference detected.
# Compile Architecture "alu" of Entity "alu"
# File: c:\Users\Roberto\Downloads\forwardUltimate\forward\forwardUnit\src\aluSumador.vhd
# Compile Entity "aluSumador"
# Entity `aluSumador' has been skipped - no difference detected.
# Compile Architecture "aluSumador" of Entity "aluSumador"
# File: c:\Users\Roberto\Downloads\forwardUltimate\forward\forwardUnit\src\branch_control.vhd
# Compile Entity "branch_control"
# Entity `branch_control' has been skipped - no difference detected.
# Compile Architecture "branch_control" of Entity "branch_control"
# File: c:\Users\Roberto\Downloads\forwardUltimate\forward\forwardUnit\src\burbuja_instruccion.vhd
# Compile Entity "burbuja_instruccion"
# Entity `burbuja_instruccion' has been skipped - no difference detected.
# Compile Architecture "burbuja_instruccion" of Entity "burbuja_instruccion"
# File: c:\Users\Roberto\Downloads\forwardUltimate\forward\forwardUnit\src\control.vhd
# Compile Entity "control"
# Entity `control' has been skipped - no difference detected.
# Compile Architecture "control" of Entity "control"
# File: c:\Users\Roberto\Downloads\forwardUltimate\forward\forwardUnit\src\entension12.vhd
# Compile Entity "entension12"
# Entity `entension12' has been skipped - no difference detected.
# Compile Architecture "entension12" of Entity "entension12"
# File: c:\Users\Roberto\Downloads\forwardUltimate\forward\forwardUnit\src\extension.vhd
# Compile Entity "extension"
# Entity `extension' has been skipped - no difference detected.
# Compile Architecture "extension" of Entity "extension"
# File: c:\Users\Roberto\Downloads\forwardUltimate\forward\forwardUnit\src\add4.vhd
# Compile Entity "add4"
# Entity `add4' has been skipped - no difference detected.
# Compile Architecture "add4" of Entity "add4"
# File: c:\Users\Roberto\Downloads\forwardUltimate\forward\forwardUnit\src\extension2.vhd
# Compile Entity "extension2"
# Entity `extension2' has been skipped - no difference detected.
# Compile Architecture "extension2" of Entity "extension2"
# File: c:\Users\Roberto\Downloads\forwardUltimate\forward\forwardUnit\src\extensionjal.vhd
# Compile Entity "extensionjal"
# Entity `extensionjal' has been skipped - no difference detected.
# Compile Architecture "extensionjal" of Entity "extensionjal"
# File: .\forward.vhd
# Compile Entity "forward"
# Entity `forward' has been skipped - no difference detected.
# Compile Architecture "forward" of Entity "forward"
# File: c:\Users\Roberto\Downloads\forwardUltimate\forward\forwardUnit\src\forwardunit.vhd
# Compile Entity "forwardunit"
# Entity `forwardunit' has been skipped - no difference detected.
# Compile Architecture "forwardunit" of Entity "forwardunit"
# File: c:\Users\Roberto\Downloads\forwardUltimate\forward\forwardUnit\src\hazard.vhd
# Compile Entity "hazard"
# Entity `hazard' has been skipped - no difference detected.
# Compile Architecture "hazard" of Entity "hazard"
# File: c:\Users\Roberto\Downloads\forwardUltimate\forward\forwardUnit\src\IF_ID.vhd
# Compile Entity "IF_ID"
# Entity `IF_ID' has been skipped - no difference detected.
# Compile Architecture "IF_ID" of Entity "IF_ID"
# File: c:\Users\Roberto\Downloads\forwardUltimate\forward\forwardUnit\src\memoriaDatos.vhd
# Compile Entity "memoriaDatos"
# Entity `memoriaDatos' has been skipped - no difference detected.
# Compile Architecture "memoriaDatos" of Entity "memoriaDatos"
# File: c:\Users\Roberto\Downloads\forwardUltimate\forward\forwardUnit\src\memoriadeinstrucciones.vhd
# Compile Entity "memoriadeinstrucciones"
# Entity `memoriadeinstrucciones' has been skipped - no difference detected.
# Compile Architecture "memoriadeinstrucciones" of Entity "memoriadeinstrucciones"
# File: c:\Users\Roberto\Downloads\forwardUltimate\forward\forwardUnit\src\mux32.vhd
# Compile Entity "mux32"
# Entity `mux32' has been skipped - no difference detected.
# Compile Architecture "mux32" of Entity "mux32"
# File: c:\Users\Roberto\Downloads\forwardUltimate\forward\forwardUnit\src\muxEntradaAlu.vhd
# Compile Entity "muxEntradaAlu"
# Entity `muxEntradaAlu' has been skipped - no difference detected.
# Compile Architecture "muxEntradaAlu" of Entity "muxEntradaAlu"
# File: c:\Users\Roberto\Downloads\forwardUltimate\forward\forwardUnit\src\muxEscogedor.vhd
# Compile Entity "muxEscogedor"
# Entity `muxEscogedor' has been skipped - no difference detected.
# Compile Architecture "muxEscogedor" of Entity "muxEscogedor"
# File: c:\Users\Roberto\Downloads\forwardUltimate\forward\forwardUnit\src\PC.vhd
# Compile Entity "pc"
# Entity `pc' has been skipped - no difference detected.
# Compile Architecture "pc" of Entity "pc"
# File: c:\Users\Roberto\Downloads\forwardUltimate\forward\forwardUnit\src\regfile.vhd
# Compile Entity "regfile"
# Entity `regfile' has been skipped - no difference detected.
# Compile Architecture "regfile" of Entity "regfile"
# File: c:\Users\Roberto\Downloads\forwardUltimate\forward\forwardUnit\src\registro2.vhd
# Compile Entity "registro2"
# Entity `registro2' has been skipped - no difference detected.
# Compile Architecture "registro2" of Entity "registro2"
# File: c:\Users\Roberto\Downloads\forwardUltimate\forward\forwardUnit\src\registro3.vhd
# Compile Entity "registro3"
# Entity `registro3' has been skipped - no difference detected.
# Compile Architecture "registro3" of Entity "registro3"
# File: c:\Users\Roberto\Downloads\forwardUltimate\forward\forwardUnit\src\registro4.vhd
# Compile Entity "registro4"
# Entity `registro4' has been skipped - no difference detected.
# Compile Architecture "registro4" of Entity "registro4"
# File: c:\Users\Roberto\Downloads\forwardUltimate\forward\forwardUnit\src\sumador.vhd
# Compile Entity "sumador"
# Entity `sumador' has been skipped - no difference detected.
# Compile Architecture "sumador" of Entity "sumador"
# File: c:\Users\Roberto\Downloads\forwardUltimate\forward\forwardUnit\src\zero.vhd
# Compile Entity "zero"
# Entity `zero' has been skipped - no difference detected.
# Compile Architecture "zero" of Entity "zero"
# Compile success 0 Errors 0 Warnings  Analysis time :  0.8 [s]
endsim
# Simulation has been stopped
acom -reorder $DSN/src/alu.vhd $DSN/src/alusumador.vhd $DSN/src/branch_control.vhd $DSN/src/burbuja_instruccion.vhd $DSN/src/control.vhd $DSN/src/entension12.vhd $DSN/src/extension.vhd $DSN/src/add4.vhd $DSN/src/extension2.vhd $DSN/src/extensionjal.vhd $DSN/src/forward.bde $DSN/src/forwardunit.vhd $DSN/src/hazard.vhd $DSN/src/if_id.vhd $DSN/src/memoriadatos.vhd $DSN/src/memoriadeinstrucciones.vhd $DSN/src/mux32.vhd $DSN/src/muxentradaalu.vhd $DSN/src/muxescogedor.vhd $DSN/src/pc.vhd $DSN/src/regfile.vhd $DSN/src/registro2.vhd $DSN/src/registro3.vhd $DSN/src/registro4.vhd $DSN/src/sumador.vhd $DSN/src/zero.vhd
# Compile with File Reorder...
# File: c:\Users\Roberto\Downloads\forwardUltimate\forward\forwardUnit\src\alu.vhd
# Compile Entity "alu"
# Entity `alu' has been skipped - no difference detected.
# Compile Architecture "alu" of Entity "alu"
# File: c:\Users\Roberto\Downloads\forwardUltimate\forward\forwardUnit\src\aluSumador.vhd
# Compile Entity "aluSumador"
# Entity `aluSumador' has been skipped - no difference detected.
# Compile Architecture "aluSumador" of Entity "aluSumador"
# File: c:\Users\Roberto\Downloads\forwardUltimate\forward\forwardUnit\src\branch_control.vhd
# Compile Entity "branch_control"
# Entity `branch_control' has been skipped - no difference detected.
# Compile Architecture "branch_control" of Entity "branch_control"
# File: c:\Users\Roberto\Downloads\forwardUltimate\forward\forwardUnit\src\burbuja_instruccion.vhd
# Compile Entity "burbuja_instruccion"
# Entity `burbuja_instruccion' has been skipped - no difference detected.
# Compile Architecture "burbuja_instruccion" of Entity "burbuja_instruccion"
# File: c:\Users\Roberto\Downloads\forwardUltimate\forward\forwardUnit\src\control.vhd
# Compile Entity "control"
# Entity `control' has been skipped - no difference detected.
# Compile Architecture "control" of Entity "control"
# File: c:\Users\Roberto\Downloads\forwardUltimate\forward\forwardUnit\src\entension12.vhd
# Compile Entity "entension12"
# Entity `entension12' has been skipped - no difference detected.
# Compile Architecture "entension12" of Entity "entension12"
# File: c:\Users\Roberto\Downloads\forwardUltimate\forward\forwardUnit\src\extension.vhd
# Compile Entity "extension"
# Entity `extension' has been skipped - no difference detected.
# Compile Architecture "extension" of Entity "extension"
# File: c:\Users\Roberto\Downloads\forwardUltimate\forward\forwardUnit\src\add4.vhd
# Compile Entity "add4"
# Entity `add4' has been skipped - no difference detected.
# Compile Architecture "add4" of Entity "add4"
# File: c:\Users\Roberto\Downloads\forwardUltimate\forward\forwardUnit\src\extension2.vhd
# Compile Entity "extension2"
# Entity `extension2' has been skipped - no difference detected.
# Compile Architecture "extension2" of Entity "extension2"
# File: c:\Users\Roberto\Downloads\forwardUltimate\forward\forwardUnit\src\extensionjal.vhd
# Compile Entity "extensionjal"
# Entity `extensionjal' has been skipped - no difference detected.
# Compile Architecture "extensionjal" of Entity "extensionjal"
# File: .\forward.vhd
# Compile Entity "forward"
# Entity `forward' has been skipped - no difference detected.
# Compile Architecture "forward" of Entity "forward"
# File: c:\Users\Roberto\Downloads\forwardUltimate\forward\forwardUnit\src\forwardunit.vhd
# Compile Entity "forwardunit"
# Entity `forwardunit' has been skipped - no difference detected.
# Compile Architecture "forwardunit" of Entity "forwardunit"
# File: c:\Users\Roberto\Downloads\forwardUltimate\forward\forwardUnit\src\hazard.vhd
# Compile Entity "hazard"
# Entity `hazard' has been skipped - no difference detected.
# Compile Architecture "hazard" of Entity "hazard"
# File: c:\Users\Roberto\Downloads\forwardUltimate\forward\forwardUnit\src\IF_ID.vhd
# Compile Entity "IF_ID"
# Entity `IF_ID' has been skipped - no difference detected.
# Compile Architecture "IF_ID" of Entity "IF_ID"
# File: c:\Users\Roberto\Downloads\forwardUltimate\forward\forwardUnit\src\memoriaDatos.vhd
# Compile Entity "memoriaDatos"
# Entity `memoriaDatos' has been skipped - no difference detected.
# Compile Architecture "memoriaDatos" of Entity "memoriaDatos"
# File: c:\Users\Roberto\Downloads\forwardUltimate\forward\forwardUnit\src\memoriadeinstrucciones.vhd
# Compile Entity "memoriadeinstrucciones"
# Entity `memoriadeinstrucciones' has been skipped - no difference detected.
# Compile Architecture "memoriadeinstrucciones" of Entity "memoriadeinstrucciones"
# File: c:\Users\Roberto\Downloads\forwardUltimate\forward\forwardUnit\src\mux32.vhd
# Compile Entity "mux32"
# Entity `mux32' has been skipped - no difference detected.
# Compile Architecture "mux32" of Entity "mux32"
# File: c:\Users\Roberto\Downloads\forwardUltimate\forward\forwardUnit\src\muxEntradaAlu.vhd
# Compile Entity "muxEntradaAlu"
# Entity `muxEntradaAlu' has been skipped - no difference detected.
# Compile Architecture "muxEntradaAlu" of Entity "muxEntradaAlu"
# File: c:\Users\Roberto\Downloads\forwardUltimate\forward\forwardUnit\src\muxEscogedor.vhd
# Compile Entity "muxEscogedor"
# Entity `muxEscogedor' has been skipped - no difference detected.
# Compile Architecture "muxEscogedor" of Entity "muxEscogedor"
# File: c:\Users\Roberto\Downloads\forwardUltimate\forward\forwardUnit\src\PC.vhd
# Compile Entity "pc"
# Entity `pc' has been skipped - no difference detected.
# Compile Architecture "pc" of Entity "pc"
# File: c:\Users\Roberto\Downloads\forwardUltimate\forward\forwardUnit\src\regfile.vhd
# Compile Entity "regfile"
# Entity `regfile' has been skipped - no difference detected.
# Compile Architecture "regfile" of Entity "regfile"
# File: c:\Users\Roberto\Downloads\forwardUltimate\forward\forwardUnit\src\registro2.vhd
# Compile Entity "registro2"
# Entity `registro2' has been skipped - no difference detected.
# Compile Architecture "registro2" of Entity "registro2"
# File: c:\Users\Roberto\Downloads\forwardUltimate\forward\forwardUnit\src\registro3.vhd
# Compile Entity "registro3"
# Entity `registro3' has been skipped - no difference detected.
# Compile Architecture "registro3" of Entity "registro3"
# File: c:\Users\Roberto\Downloads\forwardUltimate\forward\forwardUnit\src\registro4.vhd
# Compile Entity "registro4"
# Entity `registro4' has been skipped - no difference detected.
# Compile Architecture "registro4" of Entity "registro4"
# File: c:\Users\Roberto\Downloads\forwardUltimate\forward\forwardUnit\src\sumador.vhd
# Compile Entity "sumador"
# Entity `sumador' has been skipped - no difference detected.
# Compile Architecture "sumador" of Entity "sumador"
# File: c:\Users\Roberto\Downloads\forwardUltimate\forward\forwardUnit\src\zero.vhd
# Compile Entity "zero"
# Entity `zero' has been skipped - no difference detected.
# Compile Architecture "zero" of Entity "zero"
# Improper file order detected
# Automatic file reorder and recompilation required.
# File reorder and recompilation in progress
# Top-Level unit detected
# Entity  =>   sumador
# Entity  =>   extensionjal
# Entity  =>   entension12
# Entity  =>   forward
# File: .\forward.vhd
# Compile Entity "forward"
# Entity `forward' has been skipped - no difference detected.
# Compile Architecture "forward" of Entity "forward"
# Compile success 0 Errors 0 Warnings  Analysis time :  1.0 [s]
acom $DSN/src/alu.vhd $DSN/src/add4.vhd $DSN/src/branch_control.vhd $DSN/src/alusumador.vhd $DSN/src/control.vhd $DSN/src/extension.vhd $DSN/src/entension12.vhd $DSN/src/extensionjal.vhd $DSN/src/hazard.vhd $DSN/src/forwardunit.vhd $DSN/src/extension2.vhd $DSN/src/burbuja_instruccion.vhd $DSN/src/memoriadatos.vhd $DSN/src/mux32.vhd $DSN/src/memoriadeinstrucciones.vhd $DSN/src/muxescogedor.vhd $DSN/src/regfile.vhd $DSN/src/pc.vhd $DSN/src/muxentradaalu.vhd $DSN/src/registro3.vhd $DSN/src/zero.vhd $DSN/src/sumador.vhd $DSN/src/registro4.vhd $DSN/src/registro2.vhd $DSN/src/if_id.vhd $DSN/src/forward.bde
# Compile...
# File: c:\Users\Roberto\Downloads\forwardUltimate\forward\forwardUnit\src\alu.vhd
# Compile Entity "alu"
# Entity `alu' has been skipped - no difference detected.
# Compile Architecture "alu" of Entity "alu"
# File: c:\Users\Roberto\Downloads\forwardUltimate\forward\forwardUnit\src\add4.vhd
# Compile Entity "add4"
# Entity `add4' has been skipped - no difference detected.
# Compile Architecture "add4" of Entity "add4"
# File: c:\Users\Roberto\Downloads\forwardUltimate\forward\forwardUnit\src\branch_control.vhd
# Compile Entity "branch_control"
# Entity `branch_control' has been skipped - no difference detected.
# Compile Architecture "branch_control" of Entity "branch_control"
# File: c:\Users\Roberto\Downloads\forwardUltimate\forward\forwardUnit\src\aluSumador.vhd
# Compile Entity "aluSumador"
# Entity `aluSumador' has been skipped - no difference detected.
# Compile Architecture "aluSumador" of Entity "aluSumador"
# File: c:\Users\Roberto\Downloads\forwardUltimate\forward\forwardUnit\src\control.vhd
# Compile Entity "control"
# Entity `control' has been skipped - no difference detected.
# Compile Architecture "control" of Entity "control"
# File: c:\Users\Roberto\Downloads\forwardUltimate\forward\forwardUnit\src\extension.vhd
# Compile Entity "extension"
# Entity `extension' has been skipped - no difference detected.
# Compile Architecture "extension" of Entity "extension"
# File: c:\Users\Roberto\Downloads\forwardUltimate\forward\forwardUnit\src\entension12.vhd
# Compile Entity "entension12"
# Entity `entension12' has been skipped - no difference detected.
# Compile Architecture "entension12" of Entity "entension12"
# File: c:\Users\Roberto\Downloads\forwardUltimate\forward\forwardUnit\src\extensionjal.vhd
# Compile Entity "extensionjal"
# Entity `extensionjal' has been skipped - no difference detected.
# Compile Architecture "extensionjal" of Entity "extensionjal"
# File: c:\Users\Roberto\Downloads\forwardUltimate\forward\forwardUnit\src\hazard.vhd
# Compile Entity "hazard"
# Entity `hazard' has been skipped - no difference detected.
# Compile Architecture "hazard" of Entity "hazard"
# File: c:\Users\Roberto\Downloads\forwardUltimate\forward\forwardUnit\src\forwardunit.vhd
# Compile Entity "forwardunit"
# Entity `forwardunit' has been skipped - no difference detected.
# Compile Architecture "forwardunit" of Entity "forwardunit"
# File: c:\Users\Roberto\Downloads\forwardUltimate\forward\forwardUnit\src\extension2.vhd
# Compile Entity "extension2"
# Entity `extension2' has been skipped - no difference detected.
# Compile Architecture "extension2" of Entity "extension2"
# File: c:\Users\Roberto\Downloads\forwardUltimate\forward\forwardUnit\src\burbuja_instruccion.vhd
# Compile Entity "burbuja_instruccion"
# Entity `burbuja_instruccion' has been skipped - no difference detected.
# Compile Architecture "burbuja_instruccion" of Entity "burbuja_instruccion"
# File: c:\Users\Roberto\Downloads\forwardUltimate\forward\forwardUnit\src\memoriaDatos.vhd
# Compile Entity "memoriaDatos"
# Entity `memoriaDatos' has been skipped - no difference detected.
# Compile Architecture "memoriaDatos" of Entity "memoriaDatos"
# File: c:\Users\Roberto\Downloads\forwardUltimate\forward\forwardUnit\src\mux32.vhd
# Compile Entity "mux32"
# Entity `mux32' has been skipped - no difference detected.
# Compile Architecture "mux32" of Entity "mux32"
# File: c:\Users\Roberto\Downloads\forwardUltimate\forward\forwardUnit\src\memoriadeinstrucciones.vhd
# Compile Entity "memoriadeinstrucciones"
# Entity `memoriadeinstrucciones' has been skipped - no difference detected.
# Compile Architecture "memoriadeinstrucciones" of Entity "memoriadeinstrucciones"
# File: c:\Users\Roberto\Downloads\forwardUltimate\forward\forwardUnit\src\muxEscogedor.vhd
# Compile Entity "muxEscogedor"
# Entity `muxEscogedor' has been skipped - no difference detected.
# Compile Architecture "muxEscogedor" of Entity "muxEscogedor"
# File: c:\Users\Roberto\Downloads\forwardUltimate\forward\forwardUnit\src\regfile.vhd
# Compile Entity "regfile"
# Entity `regfile' has been skipped - no difference detected.
# Compile Architecture "regfile" of Entity "regfile"
# File: c:\Users\Roberto\Downloads\forwardUltimate\forward\forwardUnit\src\PC.vhd
# Compile Entity "pc"
# Entity `pc' has been skipped - no difference detected.
# Compile Architecture "pc" of Entity "pc"
# File: c:\Users\Roberto\Downloads\forwardUltimate\forward\forwardUnit\src\muxEntradaAlu.vhd
# Compile Entity "muxEntradaAlu"
# Entity `muxEntradaAlu' has been skipped - no difference detected.
# Compile Architecture "muxEntradaAlu" of Entity "muxEntradaAlu"
# File: c:\Users\Roberto\Downloads\forwardUltimate\forward\forwardUnit\src\registro3.vhd
# Compile Entity "registro3"
# Entity `registro3' has been skipped - no difference detected.
# Compile Architecture "registro3" of Entity "registro3"
# File: c:\Users\Roberto\Downloads\forwardUltimate\forward\forwardUnit\src\zero.vhd
# Compile Entity "zero"
# Entity `zero' has been skipped - no difference detected.
# Compile Architecture "zero" of Entity "zero"
# File: c:\Users\Roberto\Downloads\forwardUltimate\forward\forwardUnit\src\sumador.vhd
# Compile Entity "sumador"
# Entity `sumador' has been skipped - no difference detected.
# Compile Architecture "sumador" of Entity "sumador"
# File: c:\Users\Roberto\Downloads\forwardUltimate\forward\forwardUnit\src\registro4.vhd
# Compile Entity "registro4"
# Entity `registro4' has been skipped - no difference detected.
# Compile Architecture "registro4" of Entity "registro4"
# File: c:\Users\Roberto\Downloads\forwardUltimate\forward\forwardUnit\src\registro2.vhd
# Compile Entity "registro2"
# Entity `registro2' has been skipped - no difference detected.
# Compile Architecture "registro2" of Entity "registro2"
# File: c:\Users\Roberto\Downloads\forwardUltimate\forward\forwardUnit\src\IF_ID.vhd
# Compile Entity "IF_ID"
# Entity `IF_ID' has been skipped - no difference detected.
# Compile Architecture "IF_ID" of Entity "IF_ID"
# File: .\forward.vhd
# Compile Entity "forward"
# Entity `forward' has been skipped - no difference detected.
# Compile Architecture "forward" of Entity "forward"
# Compile success 0 Errors 0 Warnings  Analysis time :  0.9 [s]
acom $DSN/src/alu.vhd $DSN/src/add4.vhd $DSN/src/branch_control.vhd $DSN/src/alusumador.vhd $DSN/src/control.vhd $DSN/src/extension.vhd $DSN/src/entension12.vhd $DSN/src/extensionjal.vhd $DSN/src/hazard.vhd $DSN/src/forwardunit.vhd $DSN/src/extension2.vhd $DSN/src/burbuja_instruccion.vhd $DSN/src/memoriadatos.vhd $DSN/src/mux32.vhd $DSN/src/memoriadeinstrucciones.vhd $DSN/src/muxescogedor.vhd $DSN/src/regfile.vhd $DSN/src/pc.vhd $DSN/src/muxentradaalu.vhd $DSN/src/registro3.vhd $DSN/src/zero.vhd $DSN/src/sumador.vhd $DSN/src/registro4.vhd $DSN/src/registro2.vhd $DSN/src/if_id.vhd $DSN/src/forward.bde
# Compile...
# File: c:\Users\Roberto\Downloads\forwardUltimate\forward\forwardUnit\src\alu.vhd
# Compile Entity "alu"
# Entity `alu' has been skipped - no difference detected.
# Compile Architecture "alu" of Entity "alu"
# File: c:\Users\Roberto\Downloads\forwardUltimate\forward\forwardUnit\src\add4.vhd
# Compile Entity "add4"
# Entity `add4' has been skipped - no difference detected.
# Compile Architecture "add4" of Entity "add4"
# File: c:\Users\Roberto\Downloads\forwardUltimate\forward\forwardUnit\src\branch_control.vhd
# Compile Entity "branch_control"
# Entity `branch_control' has been skipped - no difference detected.
# Compile Architecture "branch_control" of Entity "branch_control"
# File: c:\Users\Roberto\Downloads\forwardUltimate\forward\forwardUnit\src\aluSumador.vhd
# Compile Entity "aluSumador"
# Entity `aluSumador' has been skipped - no difference detected.
# Compile Architecture "aluSumador" of Entity "aluSumador"
# File: c:\Users\Roberto\Downloads\forwardUltimate\forward\forwardUnit\src\control.vhd
# Compile Entity "control"
# Entity `control' has been skipped - no difference detected.
# Compile Architecture "control" of Entity "control"
# File: c:\Users\Roberto\Downloads\forwardUltimate\forward\forwardUnit\src\extension.vhd
# Compile Entity "extension"
# Entity `extension' has been skipped - no difference detected.
# Compile Architecture "extension" of Entity "extension"
# File: c:\Users\Roberto\Downloads\forwardUltimate\forward\forwardUnit\src\entension12.vhd
# Compile Entity "entension12"
# Entity `entension12' has been skipped - no difference detected.
# Compile Architecture "entension12" of Entity "entension12"
# File: c:\Users\Roberto\Downloads\forwardUltimate\forward\forwardUnit\src\extensionjal.vhd
# Compile Entity "extensionjal"
# Entity `extensionjal' has been skipped - no difference detected.
# Compile Architecture "extensionjal" of Entity "extensionjal"
# File: c:\Users\Roberto\Downloads\forwardUltimate\forward\forwardUnit\src\hazard.vhd
# Compile Entity "hazard"
# Entity `hazard' has been skipped - no difference detected.
# Compile Architecture "hazard" of Entity "hazard"
# File: c:\Users\Roberto\Downloads\forwardUltimate\forward\forwardUnit\src\forwardunit.vhd
# Compile Entity "forwardunit"
# Entity `forwardunit' has been skipped - no difference detected.
# Compile Architecture "forwardunit" of Entity "forwardunit"
# File: c:\Users\Roberto\Downloads\forwardUltimate\forward\forwardUnit\src\extension2.vhd
# Compile Entity "extension2"
# Entity `extension2' has been skipped - no difference detected.
# Compile Architecture "extension2" of Entity "extension2"
# File: c:\Users\Roberto\Downloads\forwardUltimate\forward\forwardUnit\src\burbuja_instruccion.vhd
# Compile Entity "burbuja_instruccion"
# Entity `burbuja_instruccion' has been skipped - no difference detected.
# Compile Architecture "burbuja_instruccion" of Entity "burbuja_instruccion"
# File: c:\Users\Roberto\Downloads\forwardUltimate\forward\forwardUnit\src\memoriaDatos.vhd
# Compile Entity "memoriaDatos"
# Entity `memoriaDatos' has been skipped - no difference detected.
# Compile Architecture "memoriaDatos" of Entity "memoriaDatos"
# File: c:\Users\Roberto\Downloads\forwardUltimate\forward\forwardUnit\src\mux32.vhd
# Compile Entity "mux32"
# Entity `mux32' has been skipped - no difference detected.
# Compile Architecture "mux32" of Entity "mux32"
# File: c:\Users\Roberto\Downloads\forwardUltimate\forward\forwardUnit\src\memoriadeinstrucciones.vhd
# Compile Entity "memoriadeinstrucciones"
# Entity `memoriadeinstrucciones' has been skipped - no difference detected.
# Compile Architecture "memoriadeinstrucciones" of Entity "memoriadeinstrucciones"
# File: c:\Users\Roberto\Downloads\forwardUltimate\forward\forwardUnit\src\muxEscogedor.vhd
# Compile Entity "muxEscogedor"
# Entity `muxEscogedor' has been skipped - no difference detected.
# Compile Architecture "muxEscogedor" of Entity "muxEscogedor"
# File: c:\Users\Roberto\Downloads\forwardUltimate\forward\forwardUnit\src\regfile.vhd
# Compile Entity "regfile"
# Entity `regfile' has been skipped - no difference detected.
# Compile Architecture "regfile" of Entity "regfile"
# File: c:\Users\Roberto\Downloads\forwardUltimate\forward\forwardUnit\src\PC.vhd
# Compile Entity "pc"
# Entity `pc' has been skipped - no difference detected.
# Compile Architecture "pc" of Entity "pc"
# File: c:\Users\Roberto\Downloads\forwardUltimate\forward\forwardUnit\src\muxEntradaAlu.vhd
# Compile Entity "muxEntradaAlu"
# Entity `muxEntradaAlu' has been skipped - no difference detected.
# Compile Architecture "muxEntradaAlu" of Entity "muxEntradaAlu"
# File: c:\Users\Roberto\Downloads\forwardUltimate\forward\forwardUnit\src\registro3.vhd
# Compile Entity "registro3"
# Entity `registro3' has been skipped - no difference detected.
# Compile Architecture "registro3" of Entity "registro3"
# File: c:\Users\Roberto\Downloads\forwardUltimate\forward\forwardUnit\src\zero.vhd
# Compile Entity "zero"
# Entity `zero' has been skipped - no difference detected.
# Compile Architecture "zero" of Entity "zero"
# File: c:\Users\Roberto\Downloads\forwardUltimate\forward\forwardUnit\src\sumador.vhd
# Compile Entity "sumador"
# Entity `sumador' has been skipped - no difference detected.
# Compile Architecture "sumador" of Entity "sumador"
# File: c:\Users\Roberto\Downloads\forwardUltimate\forward\forwardUnit\src\registro4.vhd
# Compile Entity "registro4"
# Entity `registro4' has been skipped - no difference detected.
# Compile Architecture "registro4" of Entity "registro4"
# File: c:\Users\Roberto\Downloads\forwardUltimate\forward\forwardUnit\src\registro2.vhd
# Compile Entity "registro2"
# Entity `registro2' has been skipped - no difference detected.
# Compile Architecture "registro2" of Entity "registro2"
# File: c:\Users\Roberto\Downloads\forwardUltimate\forward\forwardUnit\src\IF_ID.vhd
# Compile Entity "IF_ID"
# Entity `IF_ID' has been skipped - no difference detected.
# Compile Architecture "IF_ID" of Entity "IF_ID"
# File: .\forward.vhd
# Compile Entity "forward"
# Entity `forward' has been skipped - no difference detected.
# Compile Architecture "forward" of Entity "forward"
# Compile success 0 Errors 0 Warnings  Analysis time :  0.7 [s]
asim -advdataflow  -retry 3  forward forward
# ELBREAD: Elaboration process.
# ELBREAD: Elaboration time 0.0 [s].
# asim: Stack memory: 32MB
# asim: Retval memory: 32MB
# KERNEL: Main thread initiated.
# KERNEL: Kernel process initialization phase.
# KERNEL: Time resolution set to 1ps.
# ELAB2: Elaboration final pass...
# ELAB2: Create instances ...
# ELAB2: Create instances complete.
# ELAB2: Elaboration final pass complete - time: 0.0 [s].
# KERNEL: Kernel process initialization done.
# Allocation: Simulator allocated 2554 kB (elbread=1071 elab2=1278 kernel=205 sdf=0)
# 8:47, lunes, 09 de enero de 2023
# Simulation has been initialized
# Selected Top-Level: forward (forward)
run @50ns
# : WARNING: There is an 'U'|'X'|'W'|'Z'|'-' in an arithmetic operand, the result will be 'X'(es).
# : Time: 0 ps,  Iteration: 0,  Instance: /U12.
# : WARNING: There is an 'U'|'X'|'W'|'Z'|'-' in an arithmetic operand, the result will be 'X'(es).
# : Time: 0 ps,  Iteration: 0,  Instance: /U12.
# : WARNING: There is an 'U'|'X'|'W'|'Z'|'-' in an arithmetic operand, the result will be 'X'(es).
# : Time: 0 ps,  Iteration: 0,  Instance: /U12.
# : WARNING: There is an 'U'|'X'|'W'|'Z'|'-' in an arithmetic operand, the result will be 'X'(es).
# : Time: 0 ps,  Iteration: 0,  Instance: /U12.
# : WARNING: There is an 'U'|'X'|'W'|'Z'|'-' in an arithmetic operand, the result will be 'X'(es).
# : Time: 0 ps,  Iteration: 0,  Instance: /U12.
# : WARNING: There is an 'U'|'X'|'W'|'Z'|'-' in an arithmetic operand, the result will be 'X'(es).
# : Time: 0 ps,  Iteration: 0,  Instance: /U12.
# : WARNING: There is an 'U'|'X'|'W'|'Z'|'-' in an arithmetic operand, the result will be 'X'(es).
# : Time: 0 ps,  Iteration: 0,  Instance: /U12.
# : WARNING: There is an 'U'|'X'|'W'|'Z'|'-' in an arithmetic operand, the result will be 'X'(es).
# : Time: 0 ps,  Iteration: 0,  Instance: /U12.
# : WARNING: There is an 'U'|'X'|'W'|'Z'|'-' in an arithmetic operand, the result will be 'X'(es).
# : Time: 0 ps,  Iteration: 0,  Instance: /U2.
# : WARNING: There is an 'U'|'X'|'W'|'Z'|'-' in an arithmetic operand, the result will be 'X'(es).
# : Time: 0 ps,  Iteration: 0,  Instance: /U20.
# : WARNING: There is an 'U'|'X'|'W'|'Z'|'-' in an arithmetic operand, the result will be 'X'(es).
# : Time: 0 ps,  Iteration: 0,  Instance: /U20.
# : WARNING: There is an 'U'|'X'|'W'|'Z'|'-' in an arithmetic operand, the result will be 'X'(es).
# : Time: 0 ps,  Iteration: 0,  Instance: /U29.
# : WARNING: CONV_INTEGER: There is an 'U'|'X'|'W'|'Z'|'-' in an arithmetic operand, and it has been converted to 0.
# : Time: 0 ps,  Iteration: 0,  Instance: /U3.
# : WARNING: CONV_INTEGER: There is an 'U'|'X'|'W'|'Z'|'-' in an arithmetic operand, and it has been converted to 0.
# : Time: 0 ps,  Iteration: 0,  Instance: /U3.
# : WARNING: CONV_INTEGER: There is an 'U'|'X'|'W'|'Z'|'-' in an arithmetic operand, and it has been converted to 0.
# : Time: 0 ps,  Iteration: 0,  Instance: /U3.
# : WARNING: CONV_INTEGER: There is an 'U'|'X'|'W'|'Z'|'-' in an arithmetic operand, and it has been converted to 0.
# : Time: 0 ps,  Iteration: 0,  Instance: /U3.
# : WARNING: CONV_INTEGER: There is an 'U'|'X'|'W'|'Z'|'-' in an arithmetic operand, and it has been converted to 0.
# : Time: 0 ps,  Iteration: 0,  Instance: /U3.
# : WARNING: There is an 'U'|'X'|'W'|'Z'|'-' in an arithmetic operand, the result will be 'X'(es).
# : Time: 0 ps,  Iteration: 0,  Instance: /U30.
# : WARNING: CONV_INTEGER: There is an 'U'|'X'|'W'|'Z'|'-' in an arithmetic operand, and it has been converted to 0.
# : Time: 0 ps,  Iteration: 0,  Instance: /U5.
# : WARNING: CONV_INTEGER: There is an 'U'|'X'|'W'|'Z'|'-' in an arithmetic operand, and it has been converted to 0.
# : Time: 0 ps,  Iteration: 0,  Instance: /U5.
# : WARNING: CONV_INTEGER: There is an 'U'|'X'|'W'|'Z'|'-' in an arithmetic operand, and it has been converted to 0.
# : Time: 0 ps,  Iteration: 0,  Instance: /U5.
# : WARNING: CONV_INTEGER: There is an 'U'|'X'|'W'|'Z'|'-' in an arithmetic operand, and it has been converted to 0.
# : Time: 0 ps,  Iteration: 0,  Instance: /U5.
# : WARNING: CONV_INTEGER: There is an 'U'|'X'|'W'|'Z'|'-' in an arithmetic operand, and it has been converted to 0.
# : Time: 0 ps,  Iteration: 0,  Instance: /U5.
# : WARNING: CONV_INTEGER: There is an 'U'|'X'|'W'|'Z'|'-' in an arithmetic operand, and it has been converted to 0.
# : Time: 0 ps,  Iteration: 0,  Instance: /U5.
# : WARNING: CONV_INTEGER: There is an 'U'|'X'|'W'|'Z'|'-' in an arithmetic operand, and it has been converted to 0.
# : Time: 0 ps,  Iteration: 0,  Instance: /U5.
# : WARNING: CONV_INTEGER: There is an 'U'|'X'|'W'|'Z'|'-' in an arithmetic operand, and it has been converted to 0.
# : Time: 0 ps,  Iteration: 0,  Instance: /U5.
# : WARNING: CONV_INTEGER: There is an 'U'|'X'|'W'|'Z'|'-' in an arithmetic operand, and it has been converted to 0.
# : Time: 0 ps,  Iteration: 0,  Instance: /U5.
# : WARNING: CONV_INTEGER: There is an 'U'|'X'|'W'|'Z'|'-' in an arithmetic operand, and it has been converted to 0.
# : Time: 0 ps,  Iteration: 0,  Instance: /U5.
# : WARNING: CONV_INTEGER: There is an 'U'|'X'|'W'|'Z'|'-' in an arithmetic operand, and it has been converted to 0.
# : Time: 0 ps,  Iteration: 0,  Instance: /U5.
# : WARNING: CONV_INTEGER: There is an 'U'|'X'|'W'|'Z'|'-' in an arithmetic operand, and it has been converted to 0.
# : Time: 0 ps,  Iteration: 0,  Instance: /U5.
# : WARNING: CONV_INTEGER: There is an 'U'|'X'|'W'|'Z'|'-' in an arithmetic operand, and it has been converted to 0.
# : Time: 0 ps,  Iteration: 0,  Instance: /U5.
# : WARNING: CONV_INTEGER: There is an 'U'|'X'|'W'|'Z'|'-' in an arithmetic operand, and it has been converted to 0.
# : Time: 0 ps,  Iteration: 0,  Instance: /U5.
# : WARNING: CONV_INTEGER: There is an 'U'|'X'|'W'|'Z'|'-' in an arithmetic operand, and it has been converted to 0.
# : Time: 0 ps,  Iteration: 0,  Instance: /U5.
# : WARNING: There is an 'U'|'X'|'W'|'Z'|'-' in an arithmetic operand, the result will be 'X'(es).
# : Time: 0 ps,  Iteration: 0,  Instance: /U8.
# : WARNING: There is an 'U'|'X'|'W'|'Z'|'-' in an arithmetic operand, the result will be 'X'(es).
# : Time: 0 ps,  Iteration: 0,  Instance: /U8.
# : WARNING: There is an 'U'|'X'|'W'|'Z'|'-' in an arithmetic operand, the result will be 'X'(es).
# : Time: 0 ps,  Iteration: 0,  Instance: /U8.
# : WARNING: There is an 'U'|'X'|'W'|'Z'|'-' in an arithmetic operand, the result will be 'X'(es).
# : Time: 0 ps,  Iteration: 0,  Instance: /U9.
# : WARNING: There is an 'U'|'X'|'W'|'Z'|'-' in an arithmetic operand, the result will be 'X'(es).
# : Time: 0 ps,  Iteration: 1,  Instance: /U29.
# : WARNING: There is an 'U'|'X'|'W'|'Z'|'-' in an arithmetic operand, the result will be 'X'(es).
# : Time: 0 ps,  Iteration: 1,  Instance: /U30.
# : WARNING: There is an 'U'|'X'|'W'|'Z'|'-' in an arithmetic operand, the result will be 'X'(es).
# : Time: 0 ps,  Iteration: 2,  Instance: /U30.
# KERNEL: stopped at time: 50 ns
run @150ns
# KERNEL: stopped at time: 150 ns
run @250ns
# KERNEL: stopped at time: 250 ns
endsim
# Simulation has been stopped
asim -advdataflow  -retry 3  forward forward
# ELBREAD: Elaboration process.
# ELBREAD: Elaboration time 0.0 [s].
# asim: Stack memory: 32MB
# asim: Retval memory: 32MB
# KERNEL: Main thread initiated.
# KERNEL: Kernel process initialization phase.
# KERNEL: Time resolution set to 1ps.
# ELAB2: Elaboration final pass...
# ELAB2: Create instances ...
# ELAB2: Create instances complete.
# ELAB2: Elaboration final pass complete - time: 0.0 [s].
# KERNEL: Kernel process initialization done.
# Allocation: Simulator allocated 2554 kB (elbread=1071 elab2=1278 kernel=205 sdf=0)
# 8:48, lunes, 09 de enero de 2023
# Simulation has been initialized
# Selected Top-Level: forward (forward)
run @100ns
# : WARNING: There is an 'U'|'X'|'W'|'Z'|'-' in an arithmetic operand, the result will be 'X'(es).
# : Time: 0 ps,  Iteration: 0,  Instance: /U12.
# : WARNING: There is an 'U'|'X'|'W'|'Z'|'-' in an arithmetic operand, the result will be 'X'(es).
# : Time: 0 ps,  Iteration: 0,  Instance: /U12.
# : WARNING: There is an 'U'|'X'|'W'|'Z'|'-' in an arithmetic operand, the result will be 'X'(es).
# : Time: 0 ps,  Iteration: 0,  Instance: /U12.
# : WARNING: There is an 'U'|'X'|'W'|'Z'|'-' in an arithmetic operand, the result will be 'X'(es).
# : Time: 0 ps,  Iteration: 0,  Instance: /U12.
# : WARNING: There is an 'U'|'X'|'W'|'Z'|'-' in an arithmetic operand, the result will be 'X'(es).
# : Time: 0 ps,  Iteration: 0,  Instance: /U12.
# : WARNING: There is an 'U'|'X'|'W'|'Z'|'-' in an arithmetic operand, the result will be 'X'(es).
# : Time: 0 ps,  Iteration: 0,  Instance: /U12.
# : WARNING: There is an 'U'|'X'|'W'|'Z'|'-' in an arithmetic operand, the result will be 'X'(es).
# : Time: 0 ps,  Iteration: 0,  Instance: /U12.
# : WARNING: There is an 'U'|'X'|'W'|'Z'|'-' in an arithmetic operand, the result will be 'X'(es).
# : Time: 0 ps,  Iteration: 0,  Instance: /U12.
# : WARNING: There is an 'U'|'X'|'W'|'Z'|'-' in an arithmetic operand, the result will be 'X'(es).
# : Time: 0 ps,  Iteration: 0,  Instance: /U2.
# : WARNING: There is an 'U'|'X'|'W'|'Z'|'-' in an arithmetic operand, the result will be 'X'(es).
# : Time: 0 ps,  Iteration: 0,  Instance: /U20.
# : WARNING: There is an 'U'|'X'|'W'|'Z'|'-' in an arithmetic operand, the result will be 'X'(es).
# : Time: 0 ps,  Iteration: 0,  Instance: /U20.
# : WARNING: There is an 'U'|'X'|'W'|'Z'|'-' in an arithmetic operand, the result will be 'X'(es).
# : Time: 0 ps,  Iteration: 0,  Instance: /U29.
# : WARNING: CONV_INTEGER: There is an 'U'|'X'|'W'|'Z'|'-' in an arithmetic operand, and it has been converted to 0.
# : Time: 0 ps,  Iteration: 0,  Instance: /U3.
# : WARNING: CONV_INTEGER: There is an 'U'|'X'|'W'|'Z'|'-' in an arithmetic operand, and it has been converted to 0.
# : Time: 0 ps,  Iteration: 0,  Instance: /U3.
# : WARNING: CONV_INTEGER: There is an 'U'|'X'|'W'|'Z'|'-' in an arithmetic operand, and it has been converted to 0.
# : Time: 0 ps,  Iteration: 0,  Instance: /U3.
# : WARNING: CONV_INTEGER: There is an 'U'|'X'|'W'|'Z'|'-' in an arithmetic operand, and it has been converted to 0.
# : Time: 0 ps,  Iteration: 0,  Instance: /U3.
# : WARNING: CONV_INTEGER: There is an 'U'|'X'|'W'|'Z'|'-' in an arithmetic operand, and it has been converted to 0.
# : Time: 0 ps,  Iteration: 0,  Instance: /U3.
# : WARNING: There is an 'U'|'X'|'W'|'Z'|'-' in an arithmetic operand, the result will be 'X'(es).
# : Time: 0 ps,  Iteration: 0,  Instance: /U30.
# : WARNING: CONV_INTEGER: There is an 'U'|'X'|'W'|'Z'|'-' in an arithmetic operand, and it has been converted to 0.
# : Time: 0 ps,  Iteration: 0,  Instance: /U5.
# : WARNING: CONV_INTEGER: There is an 'U'|'X'|'W'|'Z'|'-' in an arithmetic operand, and it has been converted to 0.
# : Time: 0 ps,  Iteration: 0,  Instance: /U5.
# : WARNING: CONV_INTEGER: There is an 'U'|'X'|'W'|'Z'|'-' in an arithmetic operand, and it has been converted to 0.
# : Time: 0 ps,  Iteration: 0,  Instance: /U5.
# : WARNING: CONV_INTEGER: There is an 'U'|'X'|'W'|'Z'|'-' in an arithmetic operand, and it has been converted to 0.
# : Time: 0 ps,  Iteration: 0,  Instance: /U5.
# : WARNING: CONV_INTEGER: There is an 'U'|'X'|'W'|'Z'|'-' in an arithmetic operand, and it has been converted to 0.
# : Time: 0 ps,  Iteration: 0,  Instance: /U5.
# : WARNING: CONV_INTEGER: There is an 'U'|'X'|'W'|'Z'|'-' in an arithmetic operand, and it has been converted to 0.
# : Time: 0 ps,  Iteration: 0,  Instance: /U5.
# : WARNING: CONV_INTEGER: There is an 'U'|'X'|'W'|'Z'|'-' in an arithmetic operand, and it has been converted to 0.
# : Time: 0 ps,  Iteration: 0,  Instance: /U5.
# : WARNING: CONV_INTEGER: There is an 'U'|'X'|'W'|'Z'|'-' in an arithmetic operand, and it has been converted to 0.
# : Time: 0 ps,  Iteration: 0,  Instance: /U5.
# : WARNING: CONV_INTEGER: There is an 'U'|'X'|'W'|'Z'|'-' in an arithmetic operand, and it has been converted to 0.
# : Time: 0 ps,  Iteration: 0,  Instance: /U5.
# : WARNING: CONV_INTEGER: There is an 'U'|'X'|'W'|'Z'|'-' in an arithmetic operand, and it has been converted to 0.
# : Time: 0 ps,  Iteration: 0,  Instance: /U5.
# : WARNING: CONV_INTEGER: There is an 'U'|'X'|'W'|'Z'|'-' in an arithmetic operand, and it has been converted to 0.
# : Time: 0 ps,  Iteration: 0,  Instance: /U5.
# : WARNING: CONV_INTEGER: There is an 'U'|'X'|'W'|'Z'|'-' in an arithmetic operand, and it has been converted to 0.
# : Time: 0 ps,  Iteration: 0,  Instance: /U5.
# : WARNING: CONV_INTEGER: There is an 'U'|'X'|'W'|'Z'|'-' in an arithmetic operand, and it has been converted to 0.
# : Time: 0 ps,  Iteration: 0,  Instance: /U5.
# : WARNING: CONV_INTEGER: There is an 'U'|'X'|'W'|'Z'|'-' in an arithmetic operand, and it has been converted to 0.
# : Time: 0 ps,  Iteration: 0,  Instance: /U5.
# : WARNING: CONV_INTEGER: There is an 'U'|'X'|'W'|'Z'|'-' in an arithmetic operand, and it has been converted to 0.
# : Time: 0 ps,  Iteration: 0,  Instance: /U5.
# : WARNING: There is an 'U'|'X'|'W'|'Z'|'-' in an arithmetic operand, the result will be 'X'(es).
# : Time: 0 ps,  Iteration: 0,  Instance: /U8.
# : WARNING: There is an 'U'|'X'|'W'|'Z'|'-' in an arithmetic operand, the result will be 'X'(es).
# : Time: 0 ps,  Iteration: 0,  Instance: /U8.
# : WARNING: There is an 'U'|'X'|'W'|'Z'|'-' in an arithmetic operand, the result will be 'X'(es).
# : Time: 0 ps,  Iteration: 0,  Instance: /U8.
# : WARNING: There is an 'U'|'X'|'W'|'Z'|'-' in an arithmetic operand, the result will be 'X'(es).
# : Time: 0 ps,  Iteration: 0,  Instance: /U9.
# : WARNING: There is an 'U'|'X'|'W'|'Z'|'-' in an arithmetic operand, the result will be 'X'(es).
# : Time: 0 ps,  Iteration: 1,  Instance: /U29.
# : WARNING: There is an 'U'|'X'|'W'|'Z'|'-' in an arithmetic operand, the result will be 'X'(es).
# : Time: 0 ps,  Iteration: 1,  Instance: /U30.
# : WARNING: There is an 'U'|'X'|'W'|'Z'|'-' in an arithmetic operand, the result will be 'X'(es).
# : Time: 0 ps,  Iteration: 2,  Instance: /U30.
# KERNEL: stopped at time: 100 ns
run @200ns
# KERNEL: stopped at time: 200 ns
endsim
# Simulation has been stopped
asim -advdataflow  -retry 3  forward forward
# ELBREAD: Elaboration process.
# ELBREAD: Elaboration time 0.0 [s].
# asim: Stack memory: 32MB
# asim: Retval memory: 32MB
acom $DSN/src/forward.bde
# Compile...
# DRC: Checking file 'c:\Users\Roberto\Downloads\forwardUltimate\forward\forwardUnit\src\forward.bde'.
# DRC: forward.bde - 0 error(s), 0 warning(s)
# DRC: The results have been written to the log file. Double click on this line to view the log.
# Generating c:\Users\Roberto\Downloads\forwardUltimate\forward\forwardUnit\compile\forward.vhd from c:\Users\Roberto\Downloads\forwardUltimate\forward\forwardUnit\src\forward.bde ...
# Generation successful
# File: .\forward.vhd
# Compile Entity "forward"
# Entity `forward' has been skipped - no difference detected.
# Compile Architecture "forward" of Entity "forward"
# Compile success 0 Errors 0 Warnings  Analysis time :  0.1 [s]
# ELBREAD: Elaboration process.
# ELBREAD: Elaboration time 0.0 [s].
# KERNEL: Main thread initiated.
# KERNEL: Kernel process initialization phase.
# KERNEL: Time resolution set to 1ps.
# ELAB2: Elaboration final pass...
# ELAB2: Create instances ...
# ELAB2: Create instances complete.
# ELAB2: Elaboration final pass complete - time: 0.0 [s].
# KERNEL: Kernel process initialization done.
# Allocation: Simulator allocated 2554 kB (elbread=1071 elab2=1278 kernel=205 sdf=0)
# 8:49, lunes, 09 de enero de 2023
# Simulation has been initialized
# Selected Top-Level: forward (forward)
run @50ns
# : WARNING: There is an 'U'|'X'|'W'|'Z'|'-' in an arithmetic operand, the result will be 'X'(es).
# : Time: 0 ps,  Iteration: 0,  Instance: /U12.
# : WARNING: There is an 'U'|'X'|'W'|'Z'|'-' in an arithmetic operand, the result will be 'X'(es).
# : Time: 0 ps,  Iteration: 0,  Instance: /U12.
# : WARNING: There is an 'U'|'X'|'W'|'Z'|'-' in an arithmetic operand, the result will be 'X'(es).
# : Time: 0 ps,  Iteration: 0,  Instance: /U12.
# : WARNING: There is an 'U'|'X'|'W'|'Z'|'-' in an arithmetic operand, the result will be 'X'(es).
# : Time: 0 ps,  Iteration: 0,  Instance: /U12.
# : WARNING: There is an 'U'|'X'|'W'|'Z'|'-' in an arithmetic operand, the result will be 'X'(es).
# : Time: 0 ps,  Iteration: 0,  Instance: /U12.
# : WARNING: There is an 'U'|'X'|'W'|'Z'|'-' in an arithmetic operand, the result will be 'X'(es).
# : Time: 0 ps,  Iteration: 0,  Instance: /U12.
# : WARNING: There is an 'U'|'X'|'W'|'Z'|'-' in an arithmetic operand, the result will be 'X'(es).
# : Time: 0 ps,  Iteration: 0,  Instance: /U12.
# : WARNING: There is an 'U'|'X'|'W'|'Z'|'-' in an arithmetic operand, the result will be 'X'(es).
# : Time: 0 ps,  Iteration: 0,  Instance: /U12.
# : WARNING: There is an 'U'|'X'|'W'|'Z'|'-' in an arithmetic operand, the result will be 'X'(es).
# : Time: 0 ps,  Iteration: 0,  Instance: /U2.
# : WARNING: There is an 'U'|'X'|'W'|'Z'|'-' in an arithmetic operand, the result will be 'X'(es).
# : Time: 0 ps,  Iteration: 0,  Instance: /U20.
# : WARNING: There is an 'U'|'X'|'W'|'Z'|'-' in an arithmetic operand, the result will be 'X'(es).
# : Time: 0 ps,  Iteration: 0,  Instance: /U20.
# : WARNING: There is an 'U'|'X'|'W'|'Z'|'-' in an arithmetic operand, the result will be 'X'(es).
# : Time: 0 ps,  Iteration: 0,  Instance: /U29.
# : WARNING: CONV_INTEGER: There is an 'U'|'X'|'W'|'Z'|'-' in an arithmetic operand, and it has been converted to 0.
# : Time: 0 ps,  Iteration: 0,  Instance: /U3.
# : WARNING: CONV_INTEGER: There is an 'U'|'X'|'W'|'Z'|'-' in an arithmetic operand, and it has been converted to 0.
# : Time: 0 ps,  Iteration: 0,  Instance: /U3.
# : WARNING: CONV_INTEGER: There is an 'U'|'X'|'W'|'Z'|'-' in an arithmetic operand, and it has been converted to 0.
# : Time: 0 ps,  Iteration: 0,  Instance: /U3.
# : WARNING: CONV_INTEGER: There is an 'U'|'X'|'W'|'Z'|'-' in an arithmetic operand, and it has been converted to 0.
# : Time: 0 ps,  Iteration: 0,  Instance: /U3.
# : WARNING: CONV_INTEGER: There is an 'U'|'X'|'W'|'Z'|'-' in an arithmetic operand, and it has been converted to 0.
# : Time: 0 ps,  Iteration: 0,  Instance: /U3.
# : WARNING: There is an 'U'|'X'|'W'|'Z'|'-' in an arithmetic operand, the result will be 'X'(es).
# : Time: 0 ps,  Iteration: 0,  Instance: /U30.
# : WARNING: CONV_INTEGER: There is an 'U'|'X'|'W'|'Z'|'-' in an arithmetic operand, and it has been converted to 0.
# : Time: 0 ps,  Iteration: 0,  Instance: /U5.
# : WARNING: CONV_INTEGER: There is an 'U'|'X'|'W'|'Z'|'-' in an arithmetic operand, and it has been converted to 0.
# : Time: 0 ps,  Iteration: 0,  Instance: /U5.
# : WARNING: CONV_INTEGER: There is an 'U'|'X'|'W'|'Z'|'-' in an arithmetic operand, and it has been converted to 0.
# : Time: 0 ps,  Iteration: 0,  Instance: /U5.
# : WARNING: CONV_INTEGER: There is an 'U'|'X'|'W'|'Z'|'-' in an arithmetic operand, and it has been converted to 0.
# : Time: 0 ps,  Iteration: 0,  Instance: /U5.
# : WARNING: CONV_INTEGER: There is an 'U'|'X'|'W'|'Z'|'-' in an arithmetic operand, and it has been converted to 0.
# : Time: 0 ps,  Iteration: 0,  Instance: /U5.
# : WARNING: CONV_INTEGER: There is an 'U'|'X'|'W'|'Z'|'-' in an arithmetic operand, and it has been converted to 0.
# : Time: 0 ps,  Iteration: 0,  Instance: /U5.
# : WARNING: CONV_INTEGER: There is an 'U'|'X'|'W'|'Z'|'-' in an arithmetic operand, and it has been converted to 0.
# : Time: 0 ps,  Iteration: 0,  Instance: /U5.
# : WARNING: CONV_INTEGER: There is an 'U'|'X'|'W'|'Z'|'-' in an arithmetic operand, and it has been converted to 0.
# : Time: 0 ps,  Iteration: 0,  Instance: /U5.
# : WARNING: CONV_INTEGER: There is an 'U'|'X'|'W'|'Z'|'-' in an arithmetic operand, and it has been converted to 0.
# : Time: 0 ps,  Iteration: 0,  Instance: /U5.
# : WARNING: CONV_INTEGER: There is an 'U'|'X'|'W'|'Z'|'-' in an arithmetic operand, and it has been converted to 0.
# : Time: 0 ps,  Iteration: 0,  Instance: /U5.
# : WARNING: CONV_INTEGER: There is an 'U'|'X'|'W'|'Z'|'-' in an arithmetic operand, and it has been converted to 0.
# : Time: 0 ps,  Iteration: 0,  Instance: /U5.
# : WARNING: CONV_INTEGER: There is an 'U'|'X'|'W'|'Z'|'-' in an arithmetic operand, and it has been converted to 0.
# : Time: 0 ps,  Iteration: 0,  Instance: /U5.
# : WARNING: CONV_INTEGER: There is an 'U'|'X'|'W'|'Z'|'-' in an arithmetic operand, and it has been converted to 0.
# : Time: 0 ps,  Iteration: 0,  Instance: /U5.
# : WARNING: CONV_INTEGER: There is an 'U'|'X'|'W'|'Z'|'-' in an arithmetic operand, and it has been converted to 0.
# : Time: 0 ps,  Iteration: 0,  Instance: /U5.
# : WARNING: CONV_INTEGER: There is an 'U'|'X'|'W'|'Z'|'-' in an arithmetic operand, and it has been converted to 0.
# : Time: 0 ps,  Iteration: 0,  Instance: /U5.
# : WARNING: There is an 'U'|'X'|'W'|'Z'|'-' in an arithmetic operand, the result will be 'X'(es).
# : Time: 0 ps,  Iteration: 0,  Instance: /U8.
# : WARNING: There is an 'U'|'X'|'W'|'Z'|'-' in an arithmetic operand, the result will be 'X'(es).
# : Time: 0 ps,  Iteration: 0,  Instance: /U8.
# : WARNING: There is an 'U'|'X'|'W'|'Z'|'-' in an arithmetic operand, the result will be 'X'(es).
# : Time: 0 ps,  Iteration: 0,  Instance: /U8.
# : WARNING: There is an 'U'|'X'|'W'|'Z'|'-' in an arithmetic operand, the result will be 'X'(es).
# : Time: 0 ps,  Iteration: 0,  Instance: /U9.
# : WARNING: There is an 'U'|'X'|'W'|'Z'|'-' in an arithmetic operand, the result will be 'X'(es).
# : Time: 0 ps,  Iteration: 1,  Instance: /U29.
# : WARNING: There is an 'U'|'X'|'W'|'Z'|'-' in an arithmetic operand, the result will be 'X'(es).
# : Time: 0 ps,  Iteration: 1,  Instance: /U30.
# : WARNING: There is an 'U'|'X'|'W'|'Z'|'-' in an arithmetic operand, the result will be 'X'(es).
# : Time: 0 ps,  Iteration: 2,  Instance: /U30.
# KERNEL: stopped at time: 50 ns
endsim
# Simulation has been stopped
asim -advdataflow  -retry 3  forward forward
# ELBREAD: Elaboration process.
# ELBREAD: Elaboration time 0.0 [s].
# asim: Stack memory: 32MB
# asim: Retval memory: 32MB
acom $DSN/src/forward.bde
# Compile...
# DRC: Checking file 'c:\Users\Roberto\Downloads\forwardUltimate\forward\forwardUnit\src\forward.bde'.
# DRC: forward.bde - 0 error(s), 0 warning(s)
# DRC: The results have been written to the log file. Double click on this line to view the log.
# Generating c:\Users\Roberto\Downloads\forwardUltimate\forward\forwardUnit\compile\forward.vhd from c:\Users\Roberto\Downloads\forwardUltimate\forward\forwardUnit\src\forward.bde ...
# Generation successful
# File: .\forward.vhd
# Compile Entity "forward"
# Entity `forward' has been skipped - no difference detected.
# Compile Architecture "forward" of Entity "forward"
# Compile success 0 Errors 0 Warnings  Analysis time :  0.0 [s]
# ELBREAD: Elaboration process.
# ELBREAD: Elaboration time 0.0 [s].
# KERNEL: Main thread initiated.
# KERNEL: Kernel process initialization phase.
# KERNEL: Time resolution set to 1ps.
# ELAB2: Elaboration final pass...
# ELAB2: Create instances ...
# ELAB2: Create instances complete.
# ELAB2: Elaboration final pass complete - time: 0.0 [s].
# KERNEL: Kernel process initialization done.
# Allocation: Simulator allocated 2554 kB (elbread=1071 elab2=1278 kernel=205 sdf=0)
# 8:52, lunes, 09 de enero de 2023
# Simulation has been initialized
# Selected Top-Level: forward (forward)
run @100ns
# : WARNING: There is an 'U'|'X'|'W'|'Z'|'-' in an arithmetic operand, the result will be 'X'(es).
# : Time: 0 ps,  Iteration: 0,  Instance: /U12.
# : WARNING: There is an 'U'|'X'|'W'|'Z'|'-' in an arithmetic operand, the result will be 'X'(es).
# : Time: 0 ps,  Iteration: 0,  Instance: /U12.
# : WARNING: There is an 'U'|'X'|'W'|'Z'|'-' in an arithmetic operand, the result will be 'X'(es).
# : Time: 0 ps,  Iteration: 0,  Instance: /U12.
# : WARNING: There is an 'U'|'X'|'W'|'Z'|'-' in an arithmetic operand, the result will be 'X'(es).
# : Time: 0 ps,  Iteration: 0,  Instance: /U12.
# : WARNING: There is an 'U'|'X'|'W'|'Z'|'-' in an arithmetic operand, the result will be 'X'(es).
# : Time: 0 ps,  Iteration: 0,  Instance: /U12.
# : WARNING: There is an 'U'|'X'|'W'|'Z'|'-' in an arithmetic operand, the result will be 'X'(es).
# : Time: 0 ps,  Iteration: 0,  Instance: /U12.
# : WARNING: There is an 'U'|'X'|'W'|'Z'|'-' in an arithmetic operand, the result will be 'X'(es).
# : Time: 0 ps,  Iteration: 0,  Instance: /U12.
# : WARNING: There is an 'U'|'X'|'W'|'Z'|'-' in an arithmetic operand, the result will be 'X'(es).
# : Time: 0 ps,  Iteration: 0,  Instance: /U12.
# : WARNING: There is an 'U'|'X'|'W'|'Z'|'-' in an arithmetic operand, the result will be 'X'(es).
# : Time: 0 ps,  Iteration: 0,  Instance: /U2.
# : WARNING: There is an 'U'|'X'|'W'|'Z'|'-' in an arithmetic operand, the result will be 'X'(es).
# : Time: 0 ps,  Iteration: 0,  Instance: /U20.
# : WARNING: There is an 'U'|'X'|'W'|'Z'|'-' in an arithmetic operand, the result will be 'X'(es).
# : Time: 0 ps,  Iteration: 0,  Instance: /U20.
# : WARNING: There is an 'U'|'X'|'W'|'Z'|'-' in an arithmetic operand, the result will be 'X'(es).
# : Time: 0 ps,  Iteration: 0,  Instance: /U29.
# : WARNING: CONV_INTEGER: There is an 'U'|'X'|'W'|'Z'|'-' in an arithmetic operand, and it has been converted to 0.
# : Time: 0 ps,  Iteration: 0,  Instance: /U3.
# : WARNING: CONV_INTEGER: There is an 'U'|'X'|'W'|'Z'|'-' in an arithmetic operand, and it has been converted to 0.
# : Time: 0 ps,  Iteration: 0,  Instance: /U3.
# : WARNING: CONV_INTEGER: There is an 'U'|'X'|'W'|'Z'|'-' in an arithmetic operand, and it has been converted to 0.
# : Time: 0 ps,  Iteration: 0,  Instance: /U3.
# : WARNING: CONV_INTEGER: There is an 'U'|'X'|'W'|'Z'|'-' in an arithmetic operand, and it has been converted to 0.
# : Time: 0 ps,  Iteration: 0,  Instance: /U3.
# : WARNING: CONV_INTEGER: There is an 'U'|'X'|'W'|'Z'|'-' in an arithmetic operand, and it has been converted to 0.
# : Time: 0 ps,  Iteration: 0,  Instance: /U3.
# : WARNING: There is an 'U'|'X'|'W'|'Z'|'-' in an arithmetic operand, the result will be 'X'(es).
# : Time: 0 ps,  Iteration: 0,  Instance: /U30.
# : WARNING: CONV_INTEGER: There is an 'U'|'X'|'W'|'Z'|'-' in an arithmetic operand, and it has been converted to 0.
# : Time: 0 ps,  Iteration: 0,  Instance: /U5.
# : WARNING: CONV_INTEGER: There is an 'U'|'X'|'W'|'Z'|'-' in an arithmetic operand, and it has been converted to 0.
# : Time: 0 ps,  Iteration: 0,  Instance: /U5.
# : WARNING: CONV_INTEGER: There is an 'U'|'X'|'W'|'Z'|'-' in an arithmetic operand, and it has been converted to 0.
# : Time: 0 ps,  Iteration: 0,  Instance: /U5.
# : WARNING: CONV_INTEGER: There is an 'U'|'X'|'W'|'Z'|'-' in an arithmetic operand, and it has been converted to 0.
# : Time: 0 ps,  Iteration: 0,  Instance: /U5.
# : WARNING: CONV_INTEGER: There is an 'U'|'X'|'W'|'Z'|'-' in an arithmetic operand, and it has been converted to 0.
# : Time: 0 ps,  Iteration: 0,  Instance: /U5.
# : WARNING: CONV_INTEGER: There is an 'U'|'X'|'W'|'Z'|'-' in an arithmetic operand, and it has been converted to 0.
# : Time: 0 ps,  Iteration: 0,  Instance: /U5.
# : WARNING: CONV_INTEGER: There is an 'U'|'X'|'W'|'Z'|'-' in an arithmetic operand, and it has been converted to 0.
# : Time: 0 ps,  Iteration: 0,  Instance: /U5.
# : WARNING: CONV_INTEGER: There is an 'U'|'X'|'W'|'Z'|'-' in an arithmetic operand, and it has been converted to 0.
# : Time: 0 ps,  Iteration: 0,  Instance: /U5.
# : WARNING: CONV_INTEGER: There is an 'U'|'X'|'W'|'Z'|'-' in an arithmetic operand, and it has been converted to 0.
# : Time: 0 ps,  Iteration: 0,  Instance: /U5.
# : WARNING: CONV_INTEGER: There is an 'U'|'X'|'W'|'Z'|'-' in an arithmetic operand, and it has been converted to 0.
# : Time: 0 ps,  Iteration: 0,  Instance: /U5.
# : WARNING: CONV_INTEGER: There is an 'U'|'X'|'W'|'Z'|'-' in an arithmetic operand, and it has been converted to 0.
# : Time: 0 ps,  Iteration: 0,  Instance: /U5.
# : WARNING: CONV_INTEGER: There is an 'U'|'X'|'W'|'Z'|'-' in an arithmetic operand, and it has been converted to 0.
# : Time: 0 ps,  Iteration: 0,  Instance: /U5.
# : WARNING: CONV_INTEGER: There is an 'U'|'X'|'W'|'Z'|'-' in an arithmetic operand, and it has been converted to 0.
# : Time: 0 ps,  Iteration: 0,  Instance: /U5.
# : WARNING: CONV_INTEGER: There is an 'U'|'X'|'W'|'Z'|'-' in an arithmetic operand, and it has been converted to 0.
# : Time: 0 ps,  Iteration: 0,  Instance: /U5.
# : WARNING: CONV_INTEGER: There is an 'U'|'X'|'W'|'Z'|'-' in an arithmetic operand, and it has been converted to 0.
# : Time: 0 ps,  Iteration: 0,  Instance: /U5.
# : WARNING: There is an 'U'|'X'|'W'|'Z'|'-' in an arithmetic operand, the result will be 'X'(es).
# : Time: 0 ps,  Iteration: 0,  Instance: /U8.
# : WARNING: There is an 'U'|'X'|'W'|'Z'|'-' in an arithmetic operand, the result will be 'X'(es).
# : Time: 0 ps,  Iteration: 0,  Instance: /U8.
# : WARNING: There is an 'U'|'X'|'W'|'Z'|'-' in an arithmetic operand, the result will be 'X'(es).
# : Time: 0 ps,  Iteration: 0,  Instance: /U8.
# : WARNING: There is an 'U'|'X'|'W'|'Z'|'-' in an arithmetic operand, the result will be 'X'(es).
# : Time: 0 ps,  Iteration: 0,  Instance: /U9.
# : WARNING: There is an 'U'|'X'|'W'|'Z'|'-' in an arithmetic operand, the result will be 'X'(es).
# : Time: 0 ps,  Iteration: 1,  Instance: /U29.
# : WARNING: There is an 'U'|'X'|'W'|'Z'|'-' in an arithmetic operand, the result will be 'X'(es).
# : Time: 0 ps,  Iteration: 1,  Instance: /U30.
# : WARNING: There is an 'U'|'X'|'W'|'Z'|'-' in an arithmetic operand, the result will be 'X'(es).
# : Time: 0 ps,  Iteration: 2,  Instance: /U30.
# KERNEL: stopped at time: 100 ns
restart
# ELBREAD: Elaboration process.
# ELBREAD: Elaboration time 0.0 [s].
# KERNEL: Main thread initiated.
# KERNEL: Kernel process initialization phase.
# KERNEL: Time resolution set to 1ps.
# ELAB2: Elaboration final pass...
# ELAB2: Create instances ...
# ELAB2: Create instances complete.
# ELAB2: Elaboration final pass complete - time: 0.1 [s].
# KERNEL: Kernel process initialization done.
# Allocation: Simulator allocated 2554 kB (elbread=1071 elab2=1278 kernel=205 sdf=0)
# 8:52, lunes, 09 de enero de 2023
# Simulation has been initialized
# Selected Top-Level: forward (forward)
run @50ns
# : WARNING: There is an 'U'|'X'|'W'|'Z'|'-' in an arithmetic operand, the result will be 'X'(es).
# : Time: 0 ps,  Iteration: 0,  Instance: /U12.
# : WARNING: There is an 'U'|'X'|'W'|'Z'|'-' in an arithmetic operand, the result will be 'X'(es).
# : Time: 0 ps,  Iteration: 0,  Instance: /U12.
# : WARNING: There is an 'U'|'X'|'W'|'Z'|'-' in an arithmetic operand, the result will be 'X'(es).
# : Time: 0 ps,  Iteration: 0,  Instance: /U12.
# : WARNING: There is an 'U'|'X'|'W'|'Z'|'-' in an arithmetic operand, the result will be 'X'(es).
# : Time: 0 ps,  Iteration: 0,  Instance: /U12.
# : WARNING: There is an 'U'|'X'|'W'|'Z'|'-' in an arithmetic operand, the result will be 'X'(es).
# : Time: 0 ps,  Iteration: 0,  Instance: /U12.
# : WARNING: There is an 'U'|'X'|'W'|'Z'|'-' in an arithmetic operand, the result will be 'X'(es).
# : Time: 0 ps,  Iteration: 0,  Instance: /U12.
# : WARNING: There is an 'U'|'X'|'W'|'Z'|'-' in an arithmetic operand, the result will be 'X'(es).
# : Time: 0 ps,  Iteration: 0,  Instance: /U12.
# : WARNING: There is an 'U'|'X'|'W'|'Z'|'-' in an arithmetic operand, the result will be 'X'(es).
# : Time: 0 ps,  Iteration: 0,  Instance: /U12.
# : WARNING: There is an 'U'|'X'|'W'|'Z'|'-' in an arithmetic operand, the result will be 'X'(es).
# : Time: 0 ps,  Iteration: 0,  Instance: /U2.
# : WARNING: There is an 'U'|'X'|'W'|'Z'|'-' in an arithmetic operand, the result will be 'X'(es).
# : Time: 0 ps,  Iteration: 0,  Instance: /U20.
# : WARNING: There is an 'U'|'X'|'W'|'Z'|'-' in an arithmetic operand, the result will be 'X'(es).
# : Time: 0 ps,  Iteration: 0,  Instance: /U20.
# : WARNING: There is an 'U'|'X'|'W'|'Z'|'-' in an arithmetic operand, the result will be 'X'(es).
# : Time: 0 ps,  Iteration: 0,  Instance: /U29.
# : WARNING: CONV_INTEGER: There is an 'U'|'X'|'W'|'Z'|'-' in an arithmetic operand, and it has been converted to 0.
# : Time: 0 ps,  Iteration: 0,  Instance: /U3.
# : WARNING: CONV_INTEGER: There is an 'U'|'X'|'W'|'Z'|'-' in an arithmetic operand, and it has been converted to 0.
# : Time: 0 ps,  Iteration: 0,  Instance: /U3.
# : WARNING: CONV_INTEGER: There is an 'U'|'X'|'W'|'Z'|'-' in an arithmetic operand, and it has been converted to 0.
# : Time: 0 ps,  Iteration: 0,  Instance: /U3.
# : WARNING: CONV_INTEGER: There is an 'U'|'X'|'W'|'Z'|'-' in an arithmetic operand, and it has been converted to 0.
# : Time: 0 ps,  Iteration: 0,  Instance: /U3.
# : WARNING: CONV_INTEGER: There is an 'U'|'X'|'W'|'Z'|'-' in an arithmetic operand, and it has been converted to 0.
# : Time: 0 ps,  Iteration: 0,  Instance: /U3.
# : WARNING: There is an 'U'|'X'|'W'|'Z'|'-' in an arithmetic operand, the result will be 'X'(es).
# : Time: 0 ps,  Iteration: 0,  Instance: /U30.
# : WARNING: CONV_INTEGER: There is an 'U'|'X'|'W'|'Z'|'-' in an arithmetic operand, and it has been converted to 0.
# : Time: 0 ps,  Iteration: 0,  Instance: /U5.
# : WARNING: CONV_INTEGER: There is an 'U'|'X'|'W'|'Z'|'-' in an arithmetic operand, and it has been converted to 0.
# : Time: 0 ps,  Iteration: 0,  Instance: /U5.
# : WARNING: CONV_INTEGER: There is an 'U'|'X'|'W'|'Z'|'-' in an arithmetic operand, and it has been converted to 0.
# : Time: 0 ps,  Iteration: 0,  Instance: /U5.
# : WARNING: CONV_INTEGER: There is an 'U'|'X'|'W'|'Z'|'-' in an arithmetic operand, and it has been converted to 0.
# : Time: 0 ps,  Iteration: 0,  Instance: /U5.
# : WARNING: CONV_INTEGER: There is an 'U'|'X'|'W'|'Z'|'-' in an arithmetic operand, and it has been converted to 0.
# : Time: 0 ps,  Iteration: 0,  Instance: /U5.
# : WARNING: CONV_INTEGER: There is an 'U'|'X'|'W'|'Z'|'-' in an arithmetic operand, and it has been converted to 0.
# : Time: 0 ps,  Iteration: 0,  Instance: /U5.
# : WARNING: CONV_INTEGER: There is an 'U'|'X'|'W'|'Z'|'-' in an arithmetic operand, and it has been converted to 0.
# : Time: 0 ps,  Iteration: 0,  Instance: /U5.
# : WARNING: CONV_INTEGER: There is an 'U'|'X'|'W'|'Z'|'-' in an arith